<?xml version="1.0" encoding="UTF-8"?>
<!-- Generated by org.testng.reporters.JUnitXMLReporter -->
<testsuite hostname="Vignesh-PC" ignored="0" name="chrome_test" tests="1" failures="0" timestamp="14 Sep 2017 10:44:52 GMT" time="0.174" errors="0">
  <testcase name="@BeforeClass startBrowser" time="0.0" classname="com.test.mo.automation.login.logintest">
    <failure type="java.lang.NullPointerException">
      <![CDATA[java.lang.NullPointerException
	at com.test.mo.automation.testbase.Testbase.selectbrowser(Testbase.java:45)
	at com.test.mo.automation.testbase.Testbase.init(Testbase.java:26)
	at com.test.mo.automation.login.logintest.startBrowser(logintest.java:18)
	at java.util.concurrent.ThreadPoolExecutor.runWorker(ThreadPoolExecutor.java:1142)
	at java.util.concurrent.ThreadPoolExecutor$Worker.run(ThreadPoolExecutor.java:617)
	at java.lang.Thread.run(Thread.java:745)
... Removed 10 stack frames]]>
    </failure>
  </testcase> <!-- @BeforeClass startBrowser -->
  <testcase name="login" time="0.005" classname="com.test.mo.automation.login.logintest">
    <skipped/>
  </testcase> <!-- login -->
</testsuite> <!-- chrome_test -->
