<?xml version="1.0" encoding="UTF-8"?>
<!-- Generated by org.testng.reporters.JUnitReportReporter -->
<testsuite name="com.test.mo.automation.login.logintest" tests="2" time="0.007" ignored="0" failures="0" timestamp="15 Sep 2017 11:52:51 GMT" skipped="1" hostname="Vignesh-PC" errors="1">
  <testcase name="login" time="0.007" classname="com.test.mo.automation.login.logintest">
    <skipped/>
  </testcase> <!-- login -->
  <testcase name="startBrowser" time="0.000" classname="com.test.mo.automation.login.logintest">
    <error type="org.openqa.selenium.WebDriverException" message="Failed to connect to binary FirefoxBinary(C:\Program Files\Mozilla Firefox\firefox.exe) on port 7055; process output follows: 
505476324540	DeferredSave.extensions.json	DEBUG	Save changes
1505476324540	addons.manager	DEBUG	Registering startup change &#039;installed&#039; for e10srollout@mozilla.org
1505476324543	addons.xpi	DEBUG	Loading bootstrap scope from C:\Program Files\Mozilla Firefox\browser\features\e10srollout@mozilla.org.xpi
1505476324551	addons.xpi	DEBUG	Calling bootstrap method install on e10srollout@mozilla.org version 2.0
1505476324557	addons.xpi-utils	DEBUG	Make addon app-system-defaults:e10srollout@mozilla.org visible
1505476324558	addons.xpi	DEBUG	Updating XPIState for {&quot;id&quot;:&quot;e10srollout@mozilla.org&quot;,&quot;syncGUID&quot;:&quot;{0f871bd7-b4b1-477b-8f79-96b0494d2338}&quot;,&quot;location&quot;:&quot;app-system-defaults&quot;,&quot;version&quot;:&quot;2.0&quot;,&quot;type&quot;:&quot;extension&quot;,&quot;internalName&quot;:null,&quot;updateURL&quot;:null,&quot;updateKey&quot;:null,&quot;optionsURL&quot;:null,&quot;optionsType&quot;:null,&quot;aboutURL&quot;:null,&quot;defaultLocale&quot;:{&quot;name&quot;:&quot;Multi-process staged rollout&quot;,&quot;description&quot;:&quot;Staged rollout of Firefox multi-process feature.&quot;,&quot;creator&quot;:null,&quot;homepageURL&quot;:null},&quot;visible&quot;:true,&quot;active&quot;:false,&quot;userDisabled&quot;:false,&quot;appDisabled&quot;:false,&quot;installDate&quot;:1505473136009,&quot;updateDate&quot;:1505473136009,&quot;applyBackgroundUpdates&quot;:1,&quot;bootstrap&quot;:true,&quot;path&quot;:&quot;C:\\Program Files\\Mozilla Firefox\\browser\\features\\e10srollout@mozilla.org.xpi&quot;,&quot;skinnable&quot;:false,&quot;size&quot;:13287,&quot;sourceURI&quot;:null,&quot;releaseNotesURI&quot;:null,&quot;softDisabled&quot;:false,&quot;foreignInstall&quot;:false,&quot;hasBinaryComponents&quot;:false,&quot;strictCompatibility&quot;:false,&quot;locales&quot;:[],&quot;targetApplications&quot;:[{&quot;id&quot;:&quot;{ec8030f7-c20a-464f-9b0e-13a3a9e97384}&quot;,&quot;minVersion&quot;:&quot;55.0.3&quot;,&quot;maxVersion&quot;:&quot;55.*&quot;}],&quot;targetPlatforms&quot;:[],&quot;multiprocessCompatible&quot;:true,&quot;seen&quot;:true,&quot;dependencies&quot;:[],&quot;hasEmbeddedWebExtension&quot;:false,&quot;mpcOptedOut&quot;:false,&quot;userPermissions&quot;:null,&quot;icons&quot;:{},&quot;iconURL&quot;:null,&quot;icon64URL&quot;:null}
1505476324559	DeferredSave.extensions.json	DEBUG	Save changes
1505476324560	addons.manager	DEBUG	Registering startup change &#039;installed&#039; for firefox@getpocket.com
1505476324561	addons.xpi	DEBUG	Loading bootstrap scope from C:\Program Files\Mozilla Firefox\browser\features\firefox@getpocket.com.xpi
1505476324580	addons.xpi	DEBUG	Calling bootstrap method install on firefox@getpocket.com version 1.0.5
1505476324580	addons.xpi-utils	DEBUG	Make addon app-system-defaults:firefox@getpocket.com visible
1505476324581	addons.xpi	DEBUG	Updating XPIState for {&quot;id&quot;:&quot;firefox@getpocket.com&quot;,&quot;syncGUID&quot;:&quot;{4bb098a5-c4b0-4eb4-b40d-13b0b6b77e66}&quot;,&quot;location&quot;:&quot;app-system-defaults&quot;,&quot;version&quot;:&quot;1.0.5&quot;,&quot;type&quot;:&quot;extension&quot;,&quot;internalName&quot;:null,&quot;updateURL&quot;:null,&quot;updateKey&quot;:null,&quot;optionsURL&quot;:null,&quot;optionsType&quot;:null,&quot;aboutURL&quot;:null,&quot;defaultLocale&quot;:{&quot;name&quot;:&quot;Pocket&quot;,&quot;description&quot;:&quot;When you find something you want to view later, put it in Pocket.&quot;,&quot;creator&quot;:null,&quot;homepageURL&quot;:null},&quot;visible&quot;:true,&quot;active&quot;:false,&quot;userDisabled&quot;:false,&quot;appDisabled&quot;:false,&quot;installDate&quot;:1505473135966,&quot;updateDate&quot;:1505473135966,&quot;applyBackgroundUpdates&quot;:1,&quot;bootstrap&quot;:true,&quot;path&quot;:&quot;C:\\Program Files\\Mozilla Firefox\\browser\\features\\firefox@getpocket.com.xpi&quot;,&quot;skinnable&quot;:false,&quot;size&quot;:862993,&quot;sourceURI&quot;:null,&quot;releaseNotesURI&quot;:null,&quot;softDisabled&quot;:false,&quot;foreignInstall&quot;:false,&quot;hasBinaryComponents&quot;:false,&quot;strictCompatibility&quot;:false,&quot;locales&quot;:[],&quot;targetApplications&quot;:[{&quot;id&quot;:&quot;{ec8030f7-c20a-464f-9b0e-13a3a9e97384}&quot;,&quot;minVersion&quot;:&quot;55.0.3&quot;,&quot;maxVersion&quot;:&quot;55.*&quot;}],&quot;targetPlatforms&quot;:[],&quot;multiprocessCompatible&quot;:true,&quot;seen&quot;:true,&quot;dependencies&quot;:[],&quot;hasEmbeddedWebExtension&quot;:false,&quot;mpcOptedOut&quot;:false,&quot;userPermissions&quot;:null,&quot;icons&quot;:{},&quot;iconURL&quot;:null,&quot;icon64URL&quot;:null}
1505476324583	DeferredSave.extensions.json	DEBUG	Save changes
1505476324584	addons.manager	DEBUG	Registering startup change &#039;installed&#039; for followonsearch@mozilla.com
1505476324585	addons.xpi	DEBUG	Loading bootstrap scope from C:\Program Files\Mozilla Firefox\browser\features\followonsearch@mozilla.com.xpi
1505476324594	addons.xpi	DEBUG	Calling bootstrap method install on followonsearch@mozilla.com version 0.9.1
1505476324594	addons.xpi-utils	DEBUG	Make addon app-system-defaults:followonsearch@mozilla.com visible
1505476324595	addons.xpi	DEBUG	Updating XPIState for {&quot;id&quot;:&quot;followonsearch@mozilla.com&quot;,&quot;syncGUID&quot;:&quot;{2e8f68d4-db56-43fc-a578-81d03a42d16c}&quot;,&quot;location&quot;:&quot;app-system-defaults&quot;,&quot;version&quot;:&quot;0.9.1&quot;,&quot;type&quot;:&quot;extension&quot;,&quot;internalName&quot;:null,&quot;updateURL&quot;:null,&quot;updateKey&quot;:null,&quot;optionsURL&quot;:null,&quot;optionsType&quot;:null,&quot;aboutURL&quot;:null,&quot;defaultLocale&quot;:{&quot;name&quot;:&quot;Follow-on Search Telemetry&quot;,&quot;description&quot;:null,&quot;creator&quot;:null,&quot;homepageURL&quot;:null},&quot;visible&quot;:true,&quot;active&quot;:false,&quot;userDisabled&quot;:false,&quot;appDisabled&quot;:false,&quot;installDate&quot;:1505473136964,&quot;updateDate&quot;:1505473136964,&quot;applyBackgroundUpdates&quot;:1,&quot;bootstrap&quot;:true,&quot;path&quot;:&quot;C:\\Program Files\\Mozilla Firefox\\browser\\features\\followonsearch@mozilla.com.xpi&quot;,&quot;skinnable&quot;:false,&quot;size&quot;:16730,&quot;sourceURI&quot;:null,&quot;releaseNotesURI&quot;:null,&quot;softDisabled&quot;:false,&quot;foreignInstall&quot;:false,&quot;hasBinaryComponents&quot;:false,&quot;strictCompatibility&quot;:false,&quot;locales&quot;:[],&quot;targetApplications&quot;:[{&quot;id&quot;:&quot;{ec8030f7-c20a-464f-9b0e-13a3a9e97384}&quot;,&quot;minVersion&quot;:&quot;52.0&quot;,&quot;maxVersion&quot;:&quot;59.*&quot;}],&quot;targetPlatforms&quot;:[],&quot;multiprocessCompatible&quot;:true,&quot;seen&quot;:true,&quot;dependencies&quot;:[],&quot;hasEmbeddedWebExtension&quot;:false,&quot;mpcOptedOut&quot;:false,&quot;userPermissions&quot;:null,&quot;icons&quot;:{},&quot;iconURL&quot;:null,&quot;icon64URL&quot;:null}
1505476324597	DeferredSave.extensions.json	DEBUG	Save changes
1505476324597	addons.manager	DEBUG	Registering startup change &#039;installed&#039; for screenshots@mozilla.org
1505476324599	addons.xpi	DEBUG	Loading bootstrap scope from C:\Program Files\Mozilla Firefox\browser\features\screenshots@mozilla.org.xpi
1505476324608	addons.xpi	DEBUG	Calling bootstrap method install on screenshots@mozilla.org version 10.12.0
1505476324608	addons.xpi-utils	DEBUG	Make addon app-system-defaults:screenshots@mozilla.org visible
1505476324609	addons.xpi	DEBUG	Updating XPIState for {&quot;id&quot;:&quot;screenshots@mozilla.org&quot;,&quot;syncGUID&quot;:&quot;{a043a8cd-7cdf-4e90-9461-f400dcbed785}&quot;,&quot;location&quot;:&quot;app-system-defaults&quot;,&quot;version&quot;:&quot;10.12.0&quot;,&quot;type&quot;:&quot;extension&quot;,&quot;internalName&quot;:null,&quot;updateURL&quot;:null,&quot;updateKey&quot;:null,&quot;optionsURL&quot;:null,&quot;optionsType&quot;:null,&quot;aboutURL&quot;:null,&quot;defaultLocale&quot;:{&quot;name&quot;:&quot;Firefox Screenshots&quot;,&quot;description&quot;:null,&quot;creator&quot;:null,&quot;homepageURL&quot;:&quot;https://pageshot.net/&quot;},&quot;visible&quot;:true,&quot;active&quot;:false,&quot;userDisabled&quot;:false,&quot;appDisabled&quot;:false,&quot;installDate&quot;:1505473135787,&quot;updateDate&quot;:1505473135787,&quot;applyBackgroundUpdates&quot;:1,&quot;bootstrap&quot;:true,&quot;path&quot;:&quot;C:\\Program Files\\Mozilla Firefox\\browser\\features\\screenshots@mozilla.org.xpi&quot;,&quot;skinnable&quot;:false,&quot;size&quot;:714554,&quot;sourceURI&quot;:null,&quot;releaseNotesURI&quot;:null,&quot;softDisabled&quot;:false,&quot;foreignInstall&quot;:false,&quot;hasBinaryComponents&quot;:false,&quot;strictCompatibility&quot;:false,&quot;locales&quot;:[],&quot;targetApplications&quot;:[{&quot;id&quot;:&quot;{ec8030f7-c20a-464f-9b0e-13a3a9e97384}&quot;,&quot;minVersion&quot;:&quot;51.0a1&quot;,&quot;maxVersion&quot;:&quot;*&quot;}],&quot;targetPlatforms&quot;:[],&quot;multiprocessCompatible&quot;:true,&quot;seen&quot;:true,&quot;dependencies&quot;:[],&quot;hasEmbeddedWebExtension&quot;:false,&quot;mpcOptedOut&quot;:false,&quot;userPermissions&quot;:null,&quot;icons&quot;:{},&quot;iconURL&quot;:null,&quot;icon64URL&quot;:null}
1505476324611	DeferredSave.extensions.json	DEBUG	Save changes
1505476324611	addons.manager	DEBUG	Registering startup change &#039;installed&#039; for shield-recipe-client@mozilla.org
1505476324613	addons.xpi	DEBUG	Loading bootstrap scope from C:\Program Files\Mozilla Firefox\browser\features\shield-recipe-client@mozilla.org.xpi
1505476324620	addons.xpi	DEBUG	Calling bootstrap method install on shield-recipe-client@mozilla.org version 55.1
1505476324620	addons.xpi-utils	DEBUG	Make addon app-system-defaults:shield-recipe-client@mozilla.org visible
1505476324621	addons.xpi	DEBUG	Updating XPIState for {&quot;id&quot;:&quot;shield-recipe-client@mozilla.org&quot;,&quot;syncGUID&quot;:&quot;{337e21db-9484-42b4-82f8-bad572aa9d69}&quot;,&quot;location&quot;:&quot;app-system-defaults&quot;,&quot;version&quot;:&quot;55.1&quot;,&quot;type&quot;:&quot;extension&quot;,&quot;internalName&quot;:null,&quot;updateURL&quot;:null,&quot;updateKey&quot;:null,&quot;optionsURL&quot;:null,&quot;optionsType&quot;:null,&quot;aboutURL&quot;:null,&quot;defaultLocale&quot;:{&quot;name&quot;:&quot;Shield Recipe Client&quot;,&quot;description&quot;:&quot;Client to download and run recipes for SHIELD, Heartbeat, etc.&quot;,&quot;creator&quot;:null,&quot;homepageURL&quot;:null},&quot;visible&quot;:true,&quot;active&quot;:false,&quot;userDisabled&quot;:false,&quot;appDisabled&quot;:false,&quot;installDate&quot;:1505473136918,&quot;updateDate&quot;:1505473136918,&quot;applyBackgroundUpdates&quot;:1,&quot;bootstrap&quot;:true,&quot;path&quot;:&quot;C:\\Program Files\\Mozilla Firefox\\browser\\features\\shield-recipe-client@mozilla.org.xpi&quot;,&quot;skinnable&quot;:false,&quot;size&quot;:140305,&quot;sourceURI&quot;:null,&quot;releaseNotesURI&quot;:null,&quot;softDisabled&quot;:false,&quot;foreignInstall&quot;:false,&quot;hasBinaryComponents&quot;:false,&quot;strictCompatibility&quot;:false,&quot;locales&quot;:[],&quot;targetApplications&quot;:[{&quot;id&quot;:&quot;{ec8030f7-c20a-464f-9b0e-13a3a9e97384}&quot;,&quot;minVersion&quot;:&quot;55.0.3&quot;,&quot;maxVersion&quot;:&quot;55.*&quot;}],&quot;targetPlatforms&quot;:[],&quot;multiprocessCompatible&quot;:true,&quot;seen&quot;:true,&quot;dependencies&quot;:[],&quot;hasEmbeddedWebExtension&quot;:false,&quot;mpcOptedOut&quot;:false,&quot;userPermissions&quot;:null,&quot;icons&quot;:{},&quot;iconURL&quot;:null,&quot;icon64URL&quot;:null}
1505476324623	DeferredSave.extensions.json	DEBUG	Save changes
1505476324623	addons.manager	DEBUG	Registering startup change &#039;installed&#039; for webcompat@mozilla.org
1505476324626	addons.xpi	DEBUG	Loading bootstrap scope from C:\Program Files\Mozilla Firefox\browser\features\webcompat@mozilla.org.xpi
1505476324633	addons.xpi	DEBUG	Calling bootstrap method install on webcompat@mozilla.org version 1.1
1505476324633	addons.xpi-utils	DEBUG	Make addon app-system-defaults:webcompat@mozilla.org visible
1505476324634	addons.xpi	DEBUG	Updating XPIState for {&quot;id&quot;:&quot;webcompat@mozilla.org&quot;,&quot;syncGUID&quot;:&quot;{2cbeec11-63eb-42cb-9bcd-2498cb3fbd4b}&quot;,&quot;location&quot;:&quot;app-system-defaults&quot;,&quot;version&quot;:&quot;1.1&quot;,&quot;type&quot;:&quot;extension&quot;,&quot;internalName&quot;:null,&quot;updateURL&quot;:null,&quot;updateKey&quot;:null,&quot;optionsURL&quot;:null,&quot;optionsType&quot;:null,&quot;aboutURL&quot;:null,&quot;defaultLocale&quot;:{&quot;name&quot;:&quot;Web Compat&quot;,&quot;description&quot;:&quot;Urgent post-release fixes for web compatibility.&quot;,&quot;creator&quot;:null,&quot;homepageURL&quot;:null},&quot;visible&quot;:true,&quot;active&quot;:false,&quot;userDisabled&quot;:false,&quot;appDisabled&quot;:false,&quot;installDate&quot;:1505473135636,&quot;updateDate&quot;:1505473135636,&quot;applyBackgroundUpdates&quot;:1,&quot;bootstrap&quot;:true,&quot;path&quot;:&quot;C:\\Program Files\\Mozilla Firefox\\browser\\features\\webcompat@mozilla.org.xpi&quot;,&quot;skinnable&quot;:false,&quot;size&quot;:8992,&quot;sourceURI&quot;:null,&quot;releaseNotesURI&quot;:null,&quot;softDisabled&quot;:false,&quot;foreignInstall&quot;:false,&quot;hasBinaryComponents&quot;:false,&quot;strictCompatibility&quot;:false,&quot;locales&quot;:[],&quot;targetApplications&quot;:[{&quot;id&quot;:&quot;{ec8030f7-c20a-464f-9b0e-13a3a9e97384}&quot;,&quot;minVersion&quot;:&quot;55.0.3&quot;,&quot;maxVersion&quot;:&quot;55.*&quot;}],&quot;targetPlatforms&quot;:[],&quot;multiprocessCompatible&quot;:true,&quot;seen&quot;:true,&quot;dependencies&quot;:[],&quot;hasEmbeddedWebExtension&quot;:false,&quot;mpcOptedOut&quot;:false,&quot;userPermissions&quot;:null,&quot;icons&quot;:{},&quot;iconURL&quot;:null,&quot;icon64URL&quot;:null}
1505476324636	DeferredSave.extensions.json	DEBUG	Save changes
1505476324637	addons.xpi-utils	DEBUG	Make addon app-global:{972ce4c6-7e08-4474-a285-3208198ce6fd} visible
1505476324640	addons.xpi	DEBUG	Updating XPIState for {&quot;id&quot;:&quot;{972ce4c6-7e08-4474-a285-3208198ce6fd}&quot;,&quot;syncGUID&quot;:&quot;{4f987d2a-f78f-4677-83ca-d6a2eca80817}&quot;,&quot;location&quot;:&quot;app-global&quot;,&quot;version&quot;:&quot;55.0.3&quot;,&quot;type&quot;:&quot;theme&quot;,&quot;internalName&quot;:&quot;classic/1.0&quot;,&quot;updateURL&quot;:null,&quot;updateKey&quot;:null,&quot;optionsURL&quot;:null,&quot;optionsType&quot;:null,&quot;optionsBrowserStyle&quot;:null,&quot;aboutURL&quot;:null,&quot;defaultLocale&quot;:{&quot;name&quot;:&quot;Default&quot;,&quot;description&quot;:&quot;The default theme.&quot;,&quot;creator&quot;:&quot;Mozilla&quot;,&quot;homepageURL&quot;:null,&quot;contributors&quot;:[&quot;Mozilla Contributors&quot;]},&quot;visible&quot;:true,&quot;active&quot;:false,&quot;userDisabled&quot;:false,&quot;appDisabled&quot;:false,&quot;installDate&quot;:1505473136159,&quot;updateDate&quot;:1505473136159,&quot;applyBackgroundUpdates&quot;:1,&quot;path&quot;:&quot;C:\\Program Files\\Mozilla Firefox\\browser\\extensions\\{972ce4c6-7e08-4474-a285-3208198ce6fd}.xpi&quot;,&quot;skinnable&quot;:true,&quot;size&quot;:7559,&quot;sourceURI&quot;:null,&quot;releaseNotesURI&quot;:null,&quot;softDisabled&quot;:false,&quot;foreignInstall&quot;:false,&quot;hasBinaryComponents&quot;:false,&quot;strictCompatibility&quot;:true,&quot;locales&quot;:[],&quot;targetApplications&quot;:[{&quot;id&quot;:&quot;{ec8030f7-c20a-464f-9b0e-13a3a9e97384}&quot;,&quot;minVersion&quot;:&quot;55.0.3&quot;,&quot;maxVersion&quot;:&quot;55.0.3&quot;}],&quot;targetPlatforms&quot;:[],&quot;seen&quot;:true,&quot;dependencies&quot;:[],&quot;hasEmbeddedWebExtension&quot;:false,&quot;userPermissions&quot;:null,&quot;icons&quot;:{},&quot;iconURL&quot;:&quot;chrome://browser/content/default-theme-icon.svg&quot;,&quot;icon64URL&quot;:null}
1505476324642	DeferredSave.extensions.json	DEBUG	Save changes
1505476324645	addons.xpi	DEBUG	Updating XPIState for {&quot;id&quot;:&quot;fxdriver@googlecode.com&quot;,&quot;syncGUID&quot;:&quot;{7fab25d2-c574-471b-b55a-d81be55a38a2}&quot;,&quot;location&quot;:&quot;app-profile&quot;,&quot;version&quot;:&quot;3.3.0&quot;,&quot;type&quot;:&quot;extension&quot;,&quot;internalName&quot;:null,&quot;updateURL&quot;:null,&quot;updateKey&quot;:null,&quot;optionsURL&quot;:null,&quot;optionsType&quot;:null,&quot;aboutURL&quot;:null,&quot;defaultLocale&quot;:{&quot;name&quot;:&quot;Firefox WebDriver&quot;,&quot;description&quot;:&quot;WebDriver implementation for Firefox&quot;,&quot;creator&quot;:&quot;Simon Stewart&quot;,&quot;homepageURL&quot;:null},&quot;visible&quot;:true,&quot;active&quot;:false,&quot;userDisabled&quot;:false,&quot;appDisabled&quot;:true,&quot;installDate&quot;:1505476321109,&quot;updateDate&quot;:1505476321109,&quot;applyBackgroundUpdates&quot;:1,&quot;bootstrap&quot;:false,&quot;path&quot;:&quot;C:\\Users\\Vignesh\\AppData\\Local\\Temp\\anonymous689752617556198251webdriver-profile\\extensions\\fxdriver@googlecode.com&quot;,&quot;skinnable&quot;:false,&quot;size&quot;:3267161,&quot;sourceURI&quot;:null,&quot;releaseNotesURI&quot;:null,&quot;softDisabled&quot;:false,&quot;foreignInstall&quot;:true,&quot;hasBinaryComponents&quot;:false,&quot;strictCompatibility&quot;:false,&quot;locales&quot;:[],&quot;targetApplications&quot;:[{&quot;id&quot;:&quot;{ec8030f7-c20a-464f-9b0e-13a3a9e97384}&quot;,&quot;minVersion&quot;:&quot;3.0&quot;,&quot;maxVersion&quot;:&quot;48.0&quot;}],&quot;targetPlatforms&quot;:[{&quot;os&quot;:&quot;Darwin&quot;,&quot;abi&quot;:null},{&quot;os&quot;:&quot;SunOS&quot;,&quot;abi&quot;:null},{&quot;os&quot;:&quot;FreeBSD&quot;,&quot;abi&quot;:null},{&quot;os&quot;:&quot;OpenBSD&quot;,&quot;abi&quot;:null},{&quot;os&quot;:&quot;WINNT&quot;,&quot;abi&quot;:null},{&quot;os&quot;:&quot;Linux&quot;,&quot;abi&quot;:null}],&quot;multiprocessCompatible&quot;:false,&quot;signedState&quot;:0,&quot;seen&quot;:true,&quot;dependencies&quot;:[],&quot;hasEmbeddedWebExtension&quot;:false,&quot;mpcOptedOut&quot;:false,&quot;userPermissions&quot;:null,&quot;icons&quot;:{},&quot;iconURL&quot;:null,&quot;icon64URL&quot;:null}
1505476324645	addons.xpi	DEBUG	Updating XPIState for {&quot;id&quot;:&quot;aushelper@mozilla.org&quot;,&quot;syncGUID&quot;:&quot;{0bf3a66f-716c-45fc-93e1-42354a3e3d3b}&quot;,&quot;location&quot;:&quot;app-system-defaults&quot;,&quot;version&quot;:&quot;2.0&quot;,&quot;type&quot;:&quot;extension&quot;,&quot;internalName&quot;:null,&quot;updateURL&quot;:null,&quot;updateKey&quot;:null,&quot;optionsURL&quot;:null,&quot;optionsType&quot;:null,&quot;aboutURL&quot;:null,&quot;defaultLocale&quot;:{&quot;name&quot;:&quot;Application Update Service Helper&quot;,&quot;description&quot;:&quot;Sets value(s) in the update url based on custom checks.&quot;,&quot;creator&quot;:null,&quot;homepageURL&quot;:null},&quot;visible&quot;:true,&quot;active&quot;:true,&quot;userDisabled&quot;:false,&quot;appDisabled&quot;:false,&quot;installDate&quot;:1505473136047,&quot;updateDate&quot;:1505473136047,&quot;applyBackgroundUpdates&quot;:1,&quot;bootstrap&quot;:true,&quot;path&quot;:&quot;C:\\Program Files\\Mozilla Firefox\\browser\\features\\aushelper@mozilla.org.xpi&quot;,&quot;skinnable&quot;:false,&quot;size&quot;:8488,&quot;sourceURI&quot;:null,&quot;releaseNotesURI&quot;:null,&quot;softDisabled&quot;:false,&quot;foreignInstall&quot;:false,&quot;hasBinaryComponents&quot;:false,&quot;strictCompatibility&quot;:false,&quot;locales&quot;:[],&quot;targetApplications&quot;:[{&quot;id&quot;:&quot;{ec8030f7-c20a-464f-9b0e-13a3a9e97384}&quot;,&quot;minVersion&quot;:&quot;55.0.3&quot;,&quot;maxVersion&quot;:&quot;55.*&quot;}],&quot;targetPlatforms&quot;:[],&quot;multiprocessCompatible&quot;:true,&quot;seen&quot;:true,&quot;dependencies&quot;:[],&quot;hasEmbeddedWebExtension&quot;:false,&quot;mpcOptedOut&quot;:false,&quot;userPermissions&quot;:null,&quot;icons&quot;:{},&quot;iconURL&quot;:null,&quot;icon64URL&quot;:null}
1505476324646	addons.xpi	DEBUG	Updating XPIState for {&quot;id&quot;:&quot;clicktoplay-rollout@mozilla.org&quot;,&quot;syncGUID&quot;:&quot;{f3d17038-97f1-4aef-bfb7-bab44b55caf2}&quot;,&quot;location&quot;:&quot;app-system-defaults&quot;,&quot;version&quot;:&quot;1.2&quot;,&quot;type&quot;:&quot;extension&quot;,&quot;internalName&quot;:null,&quot;updateURL&quot;:null,&quot;updateKey&quot;:null,&quot;optionsURL&quot;:null,&quot;optionsType&quot;:null,&quot;aboutURL&quot;:null,&quot;defaultLocale&quot;:{&quot;name&quot;:&quot;Click-to-Play staged rollout&quot;,&quot;description&quot;:&quot;Staged rollout for Click-to-Play Flash.&quot;,&quot;creator&quot;:null,&quot;homepageURL&quot;:null},&quot;visible&quot;:true,&quot;active&quot;:true,&quot;userDisabled&quot;:false,&quot;appDisabled&quot;:false,&quot;installDate&quot;:1505473136998,&quot;updateDate&quot;:1505473136998,&quot;applyBackgroundUpdates&quot;:1,&quot;bootstrap&quot;:true,&quot;path&quot;:&quot;C:\\Program Files\\Mozilla Firefox\\browser\\features\\clicktoplay-rollout@mozilla.org.xpi&quot;,&quot;skinnable&quot;:false,&quot;size&quot;:5621,&quot;sourceURI&quot;:null,&quot;releaseNotesURI&quot;:null,&quot;softDisabled&quot;:false,&quot;foreignInstall&quot;:false,&quot;hasBinaryComponents&quot;:false,&quot;strictCompatibility&quot;:false,&quot;locales&quot;:[],&quot;targetApplications&quot;:[{&quot;id&quot;:&quot;{ec8030f7-c20a-464f-9b0e-13a3a9e97384}&quot;,&quot;minVersion&quot;:&quot;55.0.3&quot;,&quot;maxVersion&quot;:&quot;55.*&quot;}],&quot;targetPlatforms&quot;:[],&quot;multiprocessCompatible&quot;:true,&quot;seen&quot;:true,&quot;dependencies&quot;:[],&quot;hasEmbeddedWebExtension&quot;:false,&quot;mpcOptedOut&quot;:false,&quot;userPermissions&quot;:null,&quot;icons&quot;:{},&quot;iconURL&quot;:null,&quot;icon64URL&quot;:null}
1505476324647	addons.xpi	DEBUG	Updating XPIState for {&quot;id&quot;:&quot;e10srollout@mozilla.org&quot;,&quot;syncGUID&quot;:&quot;{0f871bd7-b4b1-477b-8f79-96b0494d2338}&quot;,&quot;location&quot;:&quot;app-system-defaults&quot;,&quot;version&quot;:&quot;2.0&quot;,&quot;type&quot;:&quot;extension&quot;,&quot;internalName&quot;:null,&quot;updateURL&quot;:null,&quot;updateKey&quot;:null,&quot;optionsURL&quot;:null,&quot;optionsType&quot;:null,&quot;aboutURL&quot;:null,&quot;defaultLocale&quot;:{&quot;name&quot;:&quot;Multi-process staged rollout&quot;,&quot;description&quot;:&quot;Staged rollout of Firefox multi-process feature.&quot;,&quot;creator&quot;:null,&quot;homepageURL&quot;:null},&quot;visible&quot;:true,&quot;active&quot;:true,&quot;userDisabled&quot;:false,&quot;appDisabled&quot;:false,&quot;installDate&quot;:1505473136009,&quot;updateDate&quot;:1505473136009,&quot;applyBackgroundUpdates&quot;:1,&quot;bootstrap&quot;:true,&quot;path&quot;:&quot;C:\\Program Files\\Mozilla Firefox\\browser\\features\\e10srollout@mozilla.org.xpi&quot;,&quot;skinnable&quot;:false,&quot;size&quot;:13287,&quot;sourceURI&quot;:null,&quot;releaseNotesURI&quot;:null,&quot;softDisabled&quot;:false,&quot;foreignInstall&quot;:false,&quot;hasBinaryComponents&quot;:false,&quot;strictCompatibility&quot;:false,&quot;locales&quot;:[],&quot;targetApplications&quot;:[{&quot;id&quot;:&quot;{ec8030f7-c20a-464f-9b0e-13a3a9e97384}&quot;,&quot;minVersion&quot;:&quot;55.0.3&quot;,&quot;maxVersion&quot;:&quot;55.*&quot;}],&quot;targetPlatforms&quot;:[],&quot;multiprocessCompatible&quot;:true,&quot;seen&quot;:true,&quot;dependencies&quot;:[],&quot;hasEmbeddedWebExtension&quot;:false,&quot;mpcOptedOut&quot;:false,&quot;userPermissions&quot;:null,&quot;icons&quot;:{},&quot;iconURL&quot;:null,&quot;icon64URL&quot;:null}
1505476324647	addons.xpi	DEBUG	Updating XPIState for {&quot;id&quot;:&quot;firefox@getpocket.com&quot;,&quot;syncGUID&quot;:&quot;{4bb098a5-c4b0-4eb4-b40d-13b0b6b77e66}&quot;,&quot;location&quot;:&quot;app-system-defaults&quot;,&quot;version&quot;:&quot;1.0.5&quot;,&quot;type&quot;:&quot;extension&quot;,&quot;internalName&quot;:null,&quot;updateURL&quot;:null,&quot;updateKey&quot;:null,&quot;optionsURL&quot;:null,&quot;optionsType&quot;:null,&quot;aboutURL&quot;:null,&quot;defaultLocale&quot;:{&quot;name&quot;:&quot;Pocket&quot;,&quot;description&quot;:&quot;When you find something you want to view later, put it in Pocket.&quot;,&quot;creator&quot;:null,&quot;homepageURL&quot;:null},&quot;visible&quot;:true,&quot;active&quot;:true,&quot;userDisabled&quot;:false,&quot;appDisabled&quot;:false,&quot;installDate&quot;:1505473135966,&quot;updateDate&quot;:1505473135966,&quot;applyBackgroundUpdates&quot;:1,&quot;bootstrap&quot;:true,&quot;path&quot;:&quot;C:\\Program Files\\Mozilla Firefox\\browser\\features\\firefox@getpocket.com.xpi&quot;,&quot;skinnable&quot;:false,&quot;size&quot;:862993,&quot;sourceURI&quot;:null,&quot;releaseNotesURI&quot;:null,&quot;softDisabled&quot;:false,&quot;foreignInstall&quot;:false,&quot;hasBinaryComponents&quot;:false,&quot;strictCompatibility&quot;:false,&quot;locales&quot;:[],&quot;targetApplications&quot;:[{&quot;id&quot;:&quot;{ec8030f7-c20a-464f-9b0e-13a3a9e97384}&quot;,&quot;minVersion&quot;:&quot;55.0.3&quot;,&quot;maxVersion&quot;:&quot;55.*&quot;}],&quot;targetPlatforms&quot;:[],&quot;multiprocessCompatible&quot;:true,&quot;seen&quot;:true,&quot;dependencies&quot;:[],&quot;hasEmbeddedWebExtension&quot;:false,&quot;mpcOptedOut&quot;:false,&quot;userPermissions&quot;:null,&quot;icons&quot;:{},&quot;iconURL&quot;:null,&quot;icon64URL&quot;:null}
1505476324648	addons.xpi	DEBUG	Updating XPIState for {&quot;id&quot;:&quot;followonsearch@mozilla.com&quot;,&quot;syncGUID&quot;:&quot;{2e8f68d4-db56-43fc-a578-81d03a42d16c}&quot;,&quot;location&quot;:&quot;app-system-defaults&quot;,&quot;version&quot;:&quot;0.9.1&quot;,&quot;type&quot;:&quot;extension&quot;,&quot;internalName&quot;:null,&quot;updateURL&quot;:null,&quot;updateKey&quot;:null,&quot;optionsURL&quot;:null,&quot;optionsType&quot;:null,&quot;aboutURL&quot;:null,&quot;defaultLocale&quot;:{&quot;name&quot;:&quot;Follow-on Search Telemetry&quot;,&quot;description&quot;:null,&quot;creator&quot;:null,&quot;homepageURL&quot;:null},&quot;visible&quot;:true,&quot;active&quot;:true,&quot;userDisabled&quot;:false,&quot;appDisabled&quot;:false,&quot;installDate&quot;:1505473136964,&quot;updateDate&quot;:1505473136964,&quot;applyBackgroundUpdates&quot;:1,&quot;bootstrap&quot;:true,&quot;path&quot;:&quot;C:\\Program Files\\Mozilla Firefox\\browser\\features\\followonsearch@mozilla.com.xpi&quot;,&quot;skinnable&quot;:false,&quot;size&quot;:16730,&quot;sourceURI&quot;:null,&quot;releaseNotesURI&quot;:null,&quot;softDisabled&quot;:false,&quot;foreignInstall&quot;:false,&quot;hasBinaryComponents&quot;:false,&quot;strictCompatibility&quot;:false,&quot;locales&quot;:[],&quot;targetApplications&quot;:[{&quot;id&quot;:&quot;{ec8030f7-c20a-464f-9b0e-13a3a9e97384}&quot;,&quot;minVersion&quot;:&quot;52.0&quot;,&quot;maxVersion&quot;:&quot;59.*&quot;}],&quot;targetPlatforms&quot;:[],&quot;multiprocessCompatible&quot;:true,&quot;seen&quot;:true,&quot;dependencies&quot;:[],&quot;hasEmbeddedWebExtension&quot;:false,&quot;mpcOptedOut&quot;:false,&quot;userPermissions&quot;:null,&quot;icons&quot;:{},&quot;iconURL&quot;:null,&quot;icon64URL&quot;:null}
1505476324648	addons.xpi	DEBUG	Updating XPIState for {&quot;id&quot;:&quot;screenshots@mozilla.org&quot;,&quot;syncGUID&quot;:&quot;{a043a8cd-7cdf-4e90-9461-f400dcbed785}&quot;,&quot;location&quot;:&quot;app-system-defaults&quot;,&quot;version&quot;:&quot;10.12.0&quot;,&quot;type&quot;:&quot;extension&quot;,&quot;internalName&quot;:null,&quot;updateURL&quot;:null,&quot;updateKey&quot;:null,&quot;optionsURL&quot;:null,&quot;optionsType&quot;:null,&quot;aboutURL&quot;:null,&quot;defaultLocale&quot;:{&quot;name&quot;:&quot;Firefox Screenshots&quot;,&quot;description&quot;:null,&quot;creator&quot;:null,&quot;homepageURL&quot;:&quot;https://pageshot.net/&quot;},&quot;visible&quot;:true,&quot;active&quot;:true,&quot;userDisabled&quot;:false,&quot;appDisabled&quot;:false,&quot;installDate&quot;:1505473135787,&quot;updateDate&quot;:1505473135787,&quot;applyBackgroundUpdates&quot;:1,&quot;bootstrap&quot;:true,&quot;path&quot;:&quot;C:\\Program Files\\Mozilla Firefox\\browser\\features\\screenshots@mozilla.org.xpi&quot;,&quot;skinnable&quot;:false,&quot;size&quot;:714554,&quot;sourceURI&quot;:null,&quot;releaseNotesURI&quot;:null,&quot;softDisabled&quot;:false,&quot;foreignInstall&quot;:false,&quot;hasBinaryComponents&quot;:false,&quot;strictCompatibility&quot;:false,&quot;locales&quot;:[],&quot;targetApplications&quot;:[{&quot;id&quot;:&quot;{ec8030f7-c20a-464f-9b0e-13a3a9e97384}&quot;,&quot;minVersion&quot;:&quot;51.0a1&quot;,&quot;maxVersion&quot;:&quot;*&quot;}],&quot;targetPlatforms&quot;:[],&quot;multiprocessCompatible&quot;:true,&quot;seen&quot;:true,&quot;dependencies&quot;:[],&quot;hasEmbeddedWebExtension&quot;:false,&quot;mpcOptedOut&quot;:false,&quot;userPermissions&quot;:null,&quot;icons&quot;:{},&quot;iconURL&quot;:null,&quot;icon64URL&quot;:null}
1505476324649	addons.xpi	DEBUG	Updating XPIState for {&quot;id&quot;:&quot;shield-recipe-client@mozilla.org&quot;,&quot;syncGUID&quot;:&quot;{337e21db-9484-42b4-82f8-bad572aa9d69}&quot;,&quot;location&quot;:&quot;app-system-defaults&quot;,&quot;version&quot;:&quot;55.1&quot;,&quot;type&quot;:&quot;extension&quot;,&quot;internalName&quot;:null,&quot;updateURL&quot;:null,&quot;updateKey&quot;:null,&quot;optionsURL&quot;:null,&quot;optionsType&quot;:null,&quot;aboutURL&quot;:null,&quot;defaultLocale&quot;:{&quot;name&quot;:&quot;Shield Recipe Client&quot;,&quot;description&quot;:&quot;Client to download and run recipes for SHIELD, Heartbeat, etc.&quot;,&quot;creator&quot;:null,&quot;homepageURL&quot;:null},&quot;visible&quot;:true,&quot;active&quot;:true,&quot;userDisabled&quot;:false,&quot;appDisabled&quot;:false,&quot;installDate&quot;:1505473136918,&quot;updateDate&quot;:1505473136918,&quot;applyBackgroundUpdates&quot;:1,&quot;bootstrap&quot;:true,&quot;path&quot;:&quot;C:\\Program Files\\Mozilla Firefox\\browser\\features\\shield-recipe-client@mozilla.org.xpi&quot;,&quot;skinnable&quot;:false,&quot;size&quot;:140305,&quot;sourceURI&quot;:null,&quot;releaseNotesURI&quot;:null,&quot;softDisabled&quot;:false,&quot;foreignInstall&quot;:false,&quot;hasBinaryComponents&quot;:false,&quot;strictCompatibility&quot;:false,&quot;locales&quot;:[],&quot;targetApplications&quot;:[{&quot;id&quot;:&quot;{ec8030f7-c20a-464f-9b0e-13a3a9e97384}&quot;,&quot;minVersion&quot;:&quot;55.0.3&quot;,&quot;maxVersion&quot;:&quot;55.*&quot;}],&quot;targetPlatforms&quot;:[],&quot;multiprocessCompatible&quot;:true,&quot;seen&quot;:true,&quot;dependencies&quot;:[],&quot;hasEmbeddedWebExtension&quot;:false,&quot;mpcOptedOut&quot;:false,&quot;userPermissions&quot;:null,&quot;icons&quot;:{},&quot;iconURL&quot;:null,&quot;icon64URL&quot;:null}
1505476324650	addons.xpi	DEBUG	Updating XPIState for {&quot;id&quot;:&quot;webcompat@mozilla.org&quot;,&quot;syncGUID&quot;:&quot;{2cbeec11-63eb-42cb-9bcd-2498cb3fbd4b}&quot;,&quot;location&quot;:&quot;app-system-defaults&quot;,&quot;version&quot;:&quot;1.1&quot;,&quot;type&quot;:&quot;extension&quot;,&quot;internalName&quot;:null,&quot;updateURL&quot;:null,&quot;updateKey&quot;:null,&quot;optionsURL&quot;:null,&quot;optionsType&quot;:null,&quot;aboutURL&quot;:null,&quot;defaultLocale&quot;:{&quot;name&quot;:&quot;Web Compat&quot;,&quot;description&quot;:&quot;Urgent post-release fixes for web compatibility.&quot;,&quot;creator&quot;:null,&quot;homepageURL&quot;:null},&quot;visible&quot;:true,&quot;active&quot;:true,&quot;userDisabled&quot;:false,&quot;appDisabled&quot;:false,&quot;installDate&quot;:1505473135636,&quot;updateDate&quot;:1505473135636,&quot;applyBackgroundUpdates&quot;:1,&quot;bootstrap&quot;:true,&quot;path&quot;:&quot;C:\\Program Files\\Mozilla Firefox\\browser\\features\\webcompat@mozilla.org.xpi&quot;,&quot;skinnable&quot;:false,&quot;size&quot;:8992,&quot;sourceURI&quot;:null,&quot;releaseNotesURI&quot;:null,&quot;softDisabled&quot;:false,&quot;foreignInstall&quot;:false,&quot;hasBinaryComponents&quot;:false,&quot;strictCompatibility&quot;:false,&quot;locales&quot;:[],&quot;targetApplications&quot;:[{&quot;id&quot;:&quot;{ec8030f7-c20a-464f-9b0e-13a3a9e97384}&quot;,&quot;minVersion&quot;:&quot;55.0.3&quot;,&quot;maxVersion&quot;:&quot;55.*&quot;}],&quot;targetPlatforms&quot;:[],&quot;multiprocessCompatible&quot;:true,&quot;seen&quot;:true,&quot;dependencies&quot;:[],&quot;hasEmbeddedWebExtension&quot;:false,&quot;mpcOptedOut&quot;:false,&quot;userPermissions&quot;:null,&quot;icons&quot;:{},&quot;iconURL&quot;:null,&quot;icon64URL&quot;:null}
1505476324650	addons.xpi	DEBUG	Updating XPIState for {&quot;id&quot;:&quot;{972ce4c6-7e08-4474-a285-3208198ce6fd}&quot;,&quot;syncGUID&quot;:&quot;{4f987d2a-f78f-4677-83ca-d6a2eca80817}&quot;,&quot;location&quot;:&quot;app-global&quot;,&quot;version&quot;:&quot;55.0.3&quot;,&quot;type&quot;:&quot;theme&quot;,&quot;internalName&quot;:&quot;classic/1.0&quot;,&quot;updateURL&quot;:null,&quot;updateKey&quot;:null,&quot;optionsURL&quot;:null,&quot;optionsType&quot;:null,&quot;optionsBrowserStyle&quot;:null,&quot;aboutURL&quot;:null,&quot;defaultLocale&quot;:{&quot;name&quot;:&quot;Default&quot;,&quot;description&quot;:&quot;The default theme.&quot;,&quot;creator&quot;:&quot;Mozilla&quot;,&quot;homepageURL&quot;:null,&quot;contributors&quot;:[&quot;Mozilla Contributors&quot;]},&quot;visible&quot;:true,&quot;active&quot;:true,&quot;userDisabled&quot;:false,&quot;appDisabled&quot;:false,&quot;installDate&quot;:1505473136159,&quot;updateDate&quot;:1505473136159,&quot;applyBackgroundUpdates&quot;:1,&quot;path&quot;:&quot;C:\\Program Files\\Mozilla Firefox\\browser\\extensions\\{972ce4c6-7e08-4474-a285-3208198ce6fd}.xpi&quot;,&quot;skinnable&quot;:true,&quot;size&quot;:7559,&quot;sourceURI&quot;:null,&quot;releaseNotesURI&quot;:null,&quot;softDisabled&quot;:false,&quot;foreignInstall&quot;:false,&quot;hasBinaryComponents&quot;:false,&quot;strictCompatibility&quot;:true,&quot;locales&quot;:[],&quot;targetApplications&quot;:[{&quot;id&quot;:&quot;{ec8030f7-c20a-464f-9b0e-13a3a9e97384}&quot;,&quot;minVersion&quot;:&quot;55.0.3&quot;,&quot;maxVersion&quot;:&quot;55.0.3&quot;}],&quot;targetPlatforms&quot;:[],&quot;seen&quot;:true,&quot;dependencies&quot;:[],&quot;hasEmbeddedWebExtension&quot;:false,&quot;userPermissions&quot;:null,&quot;icons&quot;:{},&quot;iconURL&quot;:&quot;chrome://browser/content/default-theme-icon.svg&quot;,&quot;icon64URL&quot;:null}
1505476324654	DeferredSave.extensions.json	DEBUG	Save changes
1505476324654	addons.xpi	DEBUG	Updating database with changes to installed add-ons
1505476324654	addons.xpi-utils	DEBUG	Updating add-on states
1505476324673	addons.xpi	DEBUG	Registering manifest for C:\Program Files\Mozilla Firefox\browser\features\aushelper@mozilla.org.xpi
1505476324676	addons.xpi	DEBUG	Calling bootstrap method startup on aushelper@mozilla.org version 2.0
1505476324684	addons.xpi	DEBUG	Registering manifest for C:\Program Files\Mozilla Firefox\browser\features\clicktoplay-rollout@mozilla.org.xpi
1505476324686	addons.xpi	DEBUG	Calling bootstrap method startup on clicktoplay-rollout@mozilla.org version 1.2
1505476324820	addons.xpi	DEBUG	Registering manifest for C:\Program Files\Mozilla Firefox\browser\features\e10srollout@mozilla.org.xpi
1505476324823	addons.xpi	DEBUG	Calling bootstrap method startup on e10srollout@mozilla.org version 2.0
1505476324824	addons.xpi	DEBUG	Registering manifest for C:\Program Files\Mozilla Firefox\browser\features\firefox@getpocket.com.xpi
1505476324828	addons.xpi	DEBUG	Calling bootstrap method startup on firefox@getpocket.com version 1.0.5
1505476325001	addons.xpi	DEBUG	Registering manifest for C:\Program Files\Mozilla Firefox\browser\features\followonsearch@mozilla.com.xpi
1505476325003	addons.xpi	DEBUG	Calling bootstrap method startup on followonsearch@mozilla.com version 0.9.1
1505476325005	addons.xpi	DEBUG	Registering manifest for C:\Program Files\Mozilla Firefox\browser\features\screenshots@mozilla.org.xpi
1505476325006	addons.xpi	DEBUG	Calling bootstrap method startup on screenshots@mozilla.org version 10.12.0
1505476325008	addons.xpi	DEBUG	Registering manifest for C:\Program Files\Mozilla Firefox\browser\features\shield-recipe-client@mozilla.org.xpi
1505476325011	addons.xpi	DEBUG	Calling bootstrap method startup on shield-recipe-client@mozilla.org version 55.1
1505476325046	addons.xpi	DEBUG	Registering manifest for C:\Program Files\Mozilla Firefox\browser\features\webcompat@mozilla.org.xpi
1505476325048	addons.xpi	DEBUG	Calling bootstrap method startup on webcompat@mozilla.org version 1.1
1505476325067	addons.manager	DEBUG	Registering shutdown blocker for XPIProvider
1505476325068	addons.manager	DEBUG	Provider finished startup: XPIProvider
1505476325068	addons.manager	DEBUG	Starting provider: LightweightThemeManager
1505476325068	addons.manager	DEBUG	Registering shutdown blocker for LightweightThemeManager
1505476325069	addons.manager	DEBUG	Provider finished startup: LightweightThemeManager
1505476325071	addons.manager	DEBUG	Starting provider: GMPProvider
1505476325086	addons.manager	DEBUG	Registering shutdown blocker for GMPProvider
1505476325087	addons.manager	DEBUG	Provider finished startup: GMPProvider
1505476325087	addons.manager	DEBUG	Starting provider: PluginProvider
1505476325088	addons.manager	DEBUG	Registering shutdown blocker for PluginProvider
1505476325089	addons.manager	DEBUG	Provider finished startup: PluginProvider
1505476325090	addons.manager	DEBUG	Completed startup sequence
1505476327417	DeferredSave.extensions.json	DEBUG	Write succeeded
1505476327418	addons.xpi-utils	DEBUG	XPI Database saved, setting schema version preference to 21
1505476327419	DeferredSave.extensions.json	DEBUG	Starting timer
1505476327467	DeferredSave.extensions.json	DEBUG	Starting write
1505476327518	addons.repository	DEBUG	No addons.json found.
1505476327520	DeferredSave.addons.json	DEBUG	Save changes
1505476327540	DeferredSave.addons.json	DEBUG	Starting timer
1505476327645	addons.manager	DEBUG	Starting provider: PreviousExperimentProvider
1505476327645	addons.manager	DEBUG	Registering shutdown blocker for PreviousExperimentProvider
1505476327646	addons.manager	DEBUG	Provider finished startup: PreviousExperimentProvider
1505476327658	DeferredSave.addons.json	DEBUG	Starting write
1505476327708	DeferredSave.extensions.json	DEBUG	Write succeeded
1505476327752	DeferredSave.addons.json	DEBUG	Write succeeded
Unable to read VR Path Registry from C:\Users\Vignesh\AppData\Local\openvr\openvrpaths.vrpath
[GPU 5228] WARNING: pipe error: 109: file c:/builds/moz2_slave/m-rel-w64-00000000000000000000/build/src/ipc/chromium/src/chrome/common/ipc_channel_win.cc, line 346
Unable to read VR Path Registry from C:\Users\Vignesh\AppData\Local\openvr\openvrpaths.vrpath
[Parent 2832] WARNING: pipe error: 109: file c:/builds/moz2_slave/m-rel-w64-00000000000000000000/build/src/ipc/chromium/src/chrome/common/ipc_channel_win.cc, line 346
Unable to read VR Path Registry from C:\Users\Vignesh\AppData\Local\openvr\openvrpaths.vrpath
[Child 1788] WARNING: pipe error: 109: file c:/builds/moz2_slave/m-rel-w64-00000000000000000000/build/src/ipc/chromium/src/chrome/common/ipc_channel_win.cc, line 346
[Child 1788] WARNING: pipe error: 109: file c:/builds/moz2_slave/m-rel-w64-00000000000000000000/build/src/ipc/chromium/src/chrome/common/ipc_channel_win.cc, line 346
1505476332486	addons.manager	DEBUG	Starting provider: &lt;unnamed-provider&gt;
1505476332486	addons.manager	DEBUG	Registering shutdown blocker for &lt;unnamed-provider&gt;
1505476332487	addons.manager	DEBUG	Provider finished startup: &lt;unnamed-provider&gt;
1505476332499	addons.xpi	INFO	Mapping fxdriver@googlecode.com to C:\Users\Vignesh\AppData\Local\Temp\anonymous689752617556198251webdriver-profile\extensions\fxdriver@googlecode.com
1505476332499	addons.xpi	DEBUG	Ignoring file entry whose name is not a valid add-on ID: C:\Users\Vignesh\AppData\Local\Temp\anonymous689752617556198251webdriver-profile\extensions\webdriver-staging
1505476332502	addons.xpi	DEBUG	Existing add-on fxdriver@googlecode.com in app-profile
1505476332504	addons.xpi	INFO	Mapping aushelper@mozilla.org to C:\Program Files\Mozilla Firefox\browser\features\aushelper@mozilla.org.xpi
1505476332505	addons.xpi	INFO	Mapping clicktoplay-rollout@mozilla.org to C:\Program Files\Mozilla Firefox\browser\features\clicktoplay-rollout@mozilla.org.xpi
1505476332505	addons.xpi	INFO	Mapping e10srollout@mozilla.org to C:\Program Files\Mozilla Firefox\browser\features\e10srollout@mozilla.org.xpi
1505476332506	addons.xpi	INFO	Mapping firefox@getpocket.com to C:\Program Files\Mozilla Firefox\browser\features\firefox@getpocket.com.xpi
1505476332506	addons.xpi	INFO	Mapping followonsearch@mozilla.com to C:\Program Files\Mozilla Firefox\browser\features\followonsearch@mozilla.com.xpi
1505476332507	addons.xpi	INFO	Mapping screenshots@mozilla.org to C:\Program Files\Mozilla Firefox\browser\features\screenshots@mozilla.org.xpi
1505476332507	addons.xpi	INFO	Mapping shield-recipe-client@mozilla.org to C:\Program Files\Mozilla Firefox\browser\features\shield-recipe-client@mozilla.org.xpi
1505476332508	addons.xpi	INFO	Mapping webcompat@mozilla.org to C:\Program Files\Mozilla Firefox\browser\features\webcompat@mozilla.org.xpi
1505476332509	addons.xpi	DEBUG	Existing add-on aushelper@mozilla.org in app-system-defaults
1505476332511	addons.xpi	DEBUG	Existing add-on clicktoplay-rollout@mozilla.org in app-system-defaults
1505476332512	addons.xpi	DEBUG	Existing add-on e10srollout@mozilla.org in app-system-defaults
1505476332513	addons.xpi	DEBUG	Existing add-on firefox@getpocket.com in app-system-defaults
1505476332514	addons.xpi	DEBUG	Existing add-on followonsearch@mozilla.com in app-system-defaults
1505476332515	addons.xpi	DEBUG	Existing add-on screenshots@mozilla.org in app-system-defaults
1505476332517	addons.xpi	DEBUG	Existing add-on shield-recipe-client@mozilla.org in app-system-defaults
1505476332518	addons.xpi	DEBUG	Existing add-on webcompat@mozilla.org in app-system-defaults
1505476332520	addons.xpi	INFO	Mapping {972ce4c6-7e08-4474-a285-3208198ce6fd} to C:\Program Files\Mozilla Firefox\browser\extensions\{972ce4c6-7e08-4474-a285-3208198ce6fd}.xpi
1505476332521	addons.xpi	DEBUG	Existing add-on {972ce4c6-7e08-4474-a285-3208198ce6fd} in app-global
1505476332522	addons.xpi	DEBUG	getInstallState changed: false, state: {}
1505476332864	addons.productaddons	INFO	sending request to: https://aus5.mozilla.org/update/3/GMP/55.0.3/20170824053622/WINNT_x86_64-msvc-x64/en-US/release/Windows_NT%206.1.1.0%20(x64)/default/default/update.xml
1505476334833	addons.productaddons	INFO	Completed downloading document
1505476336215	addons.productaddons	INFO	downloadXHR File download. status=200
1505476336258	addons.productaddons	INFO	Downloaded file will be saved to C:\Users\Vignesh\AppData\Local\Temp\tmpaddon

Build info: version: &#039;3.3.1&#039;, revision: &#039;5234b325d5&#039;, time: &#039;2017-03-10 09:10:29 +0000&#039;
System info: host: &#039;VIGNESH-PC&#039;, ip: &#039;192.168.0.112&#039;, os.name: &#039;Windows 7&#039;, os.arch: &#039;amd64&#039;, os.version: &#039;6.1&#039;, java.version: &#039;1.8.0_111&#039;
Driver info: driver.version: FirefoxDriver">
      <![CDATA[org.openqa.selenium.WebDriverException: Failed to connect to binary FirefoxBinary(C:\Program Files\Mozilla Firefox\firefox.exe) on port 7055; process output follows: 
505476324540	DeferredSave.extensions.json	DEBUG	Save changes
1505476324540	addons.manager	DEBUG	Registering startup change 'installed' for e10srollout@mozilla.org
1505476324543	addons.xpi	DEBUG	Loading bootstrap scope from C:\Program Files\Mozilla Firefox\browser\features\e10srollout@mozilla.org.xpi
1505476324551	addons.xpi	DEBUG	Calling bootstrap method install on e10srollout@mozilla.org version 2.0
1505476324557	addons.xpi-utils	DEBUG	Make addon app-system-defaults:e10srollout@mozilla.org visible
1505476324558	addons.xpi	DEBUG	Updating XPIState for {"id":"e10srollout@mozilla.org","syncGUID":"{0f871bd7-b4b1-477b-8f79-96b0494d2338}","location":"app-system-defaults","version":"2.0","type":"extension","internalName":null,"updateURL":null,"updateKey":null,"optionsURL":null,"optionsType":null,"aboutURL":null,"defaultLocale":{"name":"Multi-process staged rollout","description":"Staged rollout of Firefox multi-process feature.","creator":null,"homepageURL":null},"visible":true,"active":false,"userDisabled":false,"appDisabled":false,"installDate":1505473136009,"updateDate":1505473136009,"applyBackgroundUpdates":1,"bootstrap":true,"path":"C:\\Program Files\\Mozilla Firefox\\browser\\features\\e10srollout@mozilla.org.xpi","skinnable":false,"size":13287,"sourceURI":null,"releaseNotesURI":null,"softDisabled":false,"foreignInstall":false,"hasBinaryComponents":false,"strictCompatibility":false,"locales":[],"targetApplications":[{"id":"{ec8030f7-c20a-464f-9b0e-13a3a9e97384}","minVersion":"55.0.3","maxVersion":"55.*"}],"targetPlatforms":[],"multiprocessCompatible":true,"seen":true,"dependencies":[],"hasEmbeddedWebExtension":false,"mpcOptedOut":false,"userPermissions":null,"icons":{},"iconURL":null,"icon64URL":null}
1505476324559	DeferredSave.extensions.json	DEBUG	Save changes
1505476324560	addons.manager	DEBUG	Registering startup change 'installed' for firefox@getpocket.com
1505476324561	addons.xpi	DEBUG	Loading bootstrap scope from C:\Program Files\Mozilla Firefox\browser\features\firefox@getpocket.com.xpi
1505476324580	addons.xpi	DEBUG	Calling bootstrap method install on firefox@getpocket.com version 1.0.5
1505476324580	addons.xpi-utils	DEBUG	Make addon app-system-defaults:firefox@getpocket.com visible
1505476324581	addons.xpi	DEBUG	Updating XPIState for {"id":"firefox@getpocket.com","syncGUID":"{4bb098a5-c4b0-4eb4-b40d-13b0b6b77e66}","location":"app-system-defaults","version":"1.0.5","type":"extension","internalName":null,"updateURL":null,"updateKey":null,"optionsURL":null,"optionsType":null,"aboutURL":null,"defaultLocale":{"name":"Pocket","description":"When you find something you want to view later, put it in Pocket.","creator":null,"homepageURL":null},"visible":true,"active":false,"userDisabled":false,"appDisabled":false,"installDate":1505473135966,"updateDate":1505473135966,"applyBackgroundUpdates":1,"bootstrap":true,"path":"C:\\Program Files\\Mozilla Firefox\\browser\\features\\firefox@getpocket.com.xpi","skinnable":false,"size":862993,"sourceURI":null,"releaseNotesURI":null,"softDisabled":false,"foreignInstall":false,"hasBinaryComponents":false,"strictCompatibility":false,"locales":[],"targetApplications":[{"id":"{ec8030f7-c20a-464f-9b0e-13a3a9e97384}","minVersion":"55.0.3","maxVersion":"55.*"}],"targetPlatforms":[],"multiprocessCompatible":true,"seen":true,"dependencies":[],"hasEmbeddedWebExtension":false,"mpcOptedOut":false,"userPermissions":null,"icons":{},"iconURL":null,"icon64URL":null}
1505476324583	DeferredSave.extensions.json	DEBUG	Save changes
1505476324584	addons.manager	DEBUG	Registering startup change 'installed' for followonsearch@mozilla.com
1505476324585	addons.xpi	DEBUG	Loading bootstrap scope from C:\Program Files\Mozilla Firefox\browser\features\followonsearch@mozilla.com.xpi
1505476324594	addons.xpi	DEBUG	Calling bootstrap method install on followonsearch@mozilla.com version 0.9.1
1505476324594	addons.xpi-utils	DEBUG	Make addon app-system-defaults:followonsearch@mozilla.com visible
1505476324595	addons.xpi	DEBUG	Updating XPIState for {"id":"followonsearch@mozilla.com","syncGUID":"{2e8f68d4-db56-43fc-a578-81d03a42d16c}","location":"app-system-defaults","version":"0.9.1","type":"extension","internalName":null,"updateURL":null,"updateKey":null,"optionsURL":null,"optionsType":null,"aboutURL":null,"defaultLocale":{"name":"Follow-on Search Telemetry","description":null,"creator":null,"homepageURL":null},"visible":true,"active":false,"userDisabled":false,"appDisabled":false,"installDate":1505473136964,"updateDate":1505473136964,"applyBackgroundUpdates":1,"bootstrap":true,"path":"C:\\Program Files\\Mozilla Firefox\\browser\\features\\followonsearch@mozilla.com.xpi","skinnable":false,"size":16730,"sourceURI":null,"releaseNotesURI":null,"softDisabled":false,"foreignInstall":false,"hasBinaryComponents":false,"strictCompatibility":false,"locales":[],"targetApplications":[{"id":"{ec8030f7-c20a-464f-9b0e-13a3a9e97384}","minVersion":"52.0","maxVersion":"59.*"}],"targetPlatforms":[],"multiprocessCompatible":true,"seen":true,"dependencies":[],"hasEmbeddedWebExtension":false,"mpcOptedOut":false,"userPermissions":null,"icons":{},"iconURL":null,"icon64URL":null}
1505476324597	DeferredSave.extensions.json	DEBUG	Save changes
1505476324597	addons.manager	DEBUG	Registering startup change 'installed' for screenshots@mozilla.org
1505476324599	addons.xpi	DEBUG	Loading bootstrap scope from C:\Program Files\Mozilla Firefox\browser\features\screenshots@mozilla.org.xpi
1505476324608	addons.xpi	DEBUG	Calling bootstrap method install on screenshots@mozilla.org version 10.12.0
1505476324608	addons.xpi-utils	DEBUG	Make addon app-system-defaults:screenshots@mozilla.org visible
1505476324609	addons.xpi	DEBUG	Updating XPIState for {"id":"screenshots@mozilla.org","syncGUID":"{a043a8cd-7cdf-4e90-9461-f400dcbed785}","location":"app-system-defaults","version":"10.12.0","type":"extension","internalName":null,"updateURL":null,"updateKey":null,"optionsURL":null,"optionsType":null,"aboutURL":null,"defaultLocale":{"name":"Firefox Screenshots","description":null,"creator":null,"homepageURL":"https://pageshot.net/"},"visible":true,"active":false,"userDisabled":false,"appDisabled":false,"installDate":1505473135787,"updateDate":1505473135787,"applyBackgroundUpdates":1,"bootstrap":true,"path":"C:\\Program Files\\Mozilla Firefox\\browser\\features\\screenshots@mozilla.org.xpi","skinnable":false,"size":714554,"sourceURI":null,"releaseNotesURI":null,"softDisabled":false,"foreignInstall":false,"hasBinaryComponents":false,"strictCompatibility":false,"locales":[],"targetApplications":[{"id":"{ec8030f7-c20a-464f-9b0e-13a3a9e97384}","minVersion":"51.0a1","maxVersion":"*"}],"targetPlatforms":[],"multiprocessCompatible":true,"seen":true,"dependencies":[],"hasEmbeddedWebExtension":false,"mpcOptedOut":false,"userPermissions":null,"icons":{},"iconURL":null,"icon64URL":null}
1505476324611	DeferredSave.extensions.json	DEBUG	Save changes
1505476324611	addons.manager	DEBUG	Registering startup change 'installed' for shield-recipe-client@mozilla.org
1505476324613	addons.xpi	DEBUG	Loading bootstrap scope from C:\Program Files\Mozilla Firefox\browser\features\shield-recipe-client@mozilla.org.xpi
1505476324620	addons.xpi	DEBUG	Calling bootstrap method install on shield-recipe-client@mozilla.org version 55.1
1505476324620	addons.xpi-utils	DEBUG	Make addon app-system-defaults:shield-recipe-client@mozilla.org visible
1505476324621	addons.xpi	DEBUG	Updating XPIState for {"id":"shield-recipe-client@mozilla.org","syncGUID":"{337e21db-9484-42b4-82f8-bad572aa9d69}","location":"app-system-defaults","version":"55.1","type":"extension","internalName":null,"updateURL":null,"updateKey":null,"optionsURL":null,"optionsType":null,"aboutURL":null,"defaultLocale":{"name":"Shield Recipe Client","description":"Client to download and run recipes for SHIELD, Heartbeat, etc.","creator":null,"homepageURL":null},"visible":true,"active":false,"userDisabled":false,"appDisabled":false,"installDate":1505473136918,"updateDate":1505473136918,"applyBackgroundUpdates":1,"bootstrap":true,"path":"C:\\Program Files\\Mozilla Firefox\\browser\\features\\shield-recipe-client@mozilla.org.xpi","skinnable":false,"size":140305,"sourceURI":null,"releaseNotesURI":null,"softDisabled":false,"foreignInstall":false,"hasBinaryComponents":false,"strictCompatibility":false,"locales":[],"targetApplications":[{"id":"{ec8030f7-c20a-464f-9b0e-13a3a9e97384}","minVersion":"55.0.3","maxVersion":"55.*"}],"targetPlatforms":[],"multiprocessCompatible":true,"seen":true,"dependencies":[],"hasEmbeddedWebExtension":false,"mpcOptedOut":false,"userPermissions":null,"icons":{},"iconURL":null,"icon64URL":null}
1505476324623	DeferredSave.extensions.json	DEBUG	Save changes
1505476324623	addons.manager	DEBUG	Registering startup change 'installed' for webcompat@mozilla.org
1505476324626	addons.xpi	DEBUG	Loading bootstrap scope from C:\Program Files\Mozilla Firefox\browser\features\webcompat@mozilla.org.xpi
1505476324633	addons.xpi	DEBUG	Calling bootstrap method install on webcompat@mozilla.org version 1.1
1505476324633	addons.xpi-utils	DEBUG	Make addon app-system-defaults:webcompat@mozilla.org visible
1505476324634	addons.xpi	DEBUG	Updating XPIState for {"id":"webcompat@mozilla.org","syncGUID":"{2cbeec11-63eb-42cb-9bcd-2498cb3fbd4b}","location":"app-system-defaults","version":"1.1","type":"extension","internalName":null,"updateURL":null,"updateKey":null,"optionsURL":null,"optionsType":null,"aboutURL":null,"defaultLocale":{"name":"Web Compat","description":"Urgent post-release fixes for web compatibility.","creator":null,"homepageURL":null},"visible":true,"active":false,"userDisabled":false,"appDisabled":false,"installDate":1505473135636,"updateDate":1505473135636,"applyBackgroundUpdates":1,"bootstrap":true,"path":"C:\\Program Files\\Mozilla Firefox\\browser\\features\\webcompat@mozilla.org.xpi","skinnable":false,"size":8992,"sourceURI":null,"releaseNotesURI":null,"softDisabled":false,"foreignInstall":false,"hasBinaryComponents":false,"strictCompatibility":false,"locales":[],"targetApplications":[{"id":"{ec8030f7-c20a-464f-9b0e-13a3a9e97384}","minVersion":"55.0.3","maxVersion":"55.*"}],"targetPlatforms":[],"multiprocessCompatible":true,"seen":true,"dependencies":[],"hasEmbeddedWebExtension":false,"mpcOptedOut":false,"userPermissions":null,"icons":{},"iconURL":null,"icon64URL":null}
1505476324636	DeferredSave.extensions.json	DEBUG	Save changes
1505476324637	addons.xpi-utils	DEBUG	Make addon app-global:{972ce4c6-7e08-4474-a285-3208198ce6fd} visible
1505476324640	addons.xpi	DEBUG	Updating XPIState for {"id":"{972ce4c6-7e08-4474-a285-3208198ce6fd}","syncGUID":"{4f987d2a-f78f-4677-83ca-d6a2eca80817}","location":"app-global","version":"55.0.3","type":"theme","internalName":"classic/1.0","updateURL":null,"updateKey":null,"optionsURL":null,"optionsType":null,"optionsBrowserStyle":null,"aboutURL":null,"defaultLocale":{"name":"Default","description":"The default theme.","creator":"Mozilla","homepageURL":null,"contributors":["Mozilla Contributors"]},"visible":true,"active":false,"userDisabled":false,"appDisabled":false,"installDate":1505473136159,"updateDate":1505473136159,"applyBackgroundUpdates":1,"path":"C:\\Program Files\\Mozilla Firefox\\browser\\extensions\\{972ce4c6-7e08-4474-a285-3208198ce6fd}.xpi","skinnable":true,"size":7559,"sourceURI":null,"releaseNotesURI":null,"softDisabled":false,"foreignInstall":false,"hasBinaryComponents":false,"strictCompatibility":true,"locales":[],"targetApplications":[{"id":"{ec8030f7-c20a-464f-9b0e-13a3a9e97384}","minVersion":"55.0.3","maxVersion":"55.0.3"}],"targetPlatforms":[],"seen":true,"dependencies":[],"hasEmbeddedWebExtension":false,"userPermissions":null,"icons":{},"iconURL":"chrome://browser/content/default-theme-icon.svg","icon64URL":null}
1505476324642	DeferredSave.extensions.json	DEBUG	Save changes
1505476324645	addons.xpi	DEBUG	Updating XPIState for {"id":"fxdriver@googlecode.com","syncGUID":"{7fab25d2-c574-471b-b55a-d81be55a38a2}","location":"app-profile","version":"3.3.0","type":"extension","internalName":null,"updateURL":null,"updateKey":null,"optionsURL":null,"optionsType":null,"aboutURL":null,"defaultLocale":{"name":"Firefox WebDriver","description":"WebDriver implementation for Firefox","creator":"Simon Stewart","homepageURL":null},"visible":true,"active":false,"userDisabled":false,"appDisabled":true,"installDate":1505476321109,"updateDate":1505476321109,"applyBackgroundUpdates":1,"bootstrap":false,"path":"C:\\Users\\Vignesh\\AppData\\Local\\Temp\\anonymous689752617556198251webdriver-profile\\extensions\\fxdriver@googlecode.com","skinnable":false,"size":3267161,"sourceURI":null,"releaseNotesURI":null,"softDisabled":false,"foreignInstall":true,"hasBinaryComponents":false,"strictCompatibility":false,"locales":[],"targetApplications":[{"id":"{ec8030f7-c20a-464f-9b0e-13a3a9e97384}","minVersion":"3.0","maxVersion":"48.0"}],"targetPlatforms":[{"os":"Darwin","abi":null},{"os":"SunOS","abi":null},{"os":"FreeBSD","abi":null},{"os":"OpenBSD","abi":null},{"os":"WINNT","abi":null},{"os":"Linux","abi":null}],"multiprocessCompatible":false,"signedState":0,"seen":true,"dependencies":[],"hasEmbeddedWebExtension":false,"mpcOptedOut":false,"userPermissions":null,"icons":{},"iconURL":null,"icon64URL":null}
1505476324645	addons.xpi	DEBUG	Updating XPIState for {"id":"aushelper@mozilla.org","syncGUID":"{0bf3a66f-716c-45fc-93e1-42354a3e3d3b}","location":"app-system-defaults","version":"2.0","type":"extension","internalName":null,"updateURL":null,"updateKey":null,"optionsURL":null,"optionsType":null,"aboutURL":null,"defaultLocale":{"name":"Application Update Service Helper","description":"Sets value(s) in the update url based on custom checks.","creator":null,"homepageURL":null},"visible":true,"active":true,"userDisabled":false,"appDisabled":false,"installDate":1505473136047,"updateDate":1505473136047,"applyBackgroundUpdates":1,"bootstrap":true,"path":"C:\\Program Files\\Mozilla Firefox\\browser\\features\\aushelper@mozilla.org.xpi","skinnable":false,"size":8488,"sourceURI":null,"releaseNotesURI":null,"softDisabled":false,"foreignInstall":false,"hasBinaryComponents":false,"strictCompatibility":false,"locales":[],"targetApplications":[{"id":"{ec8030f7-c20a-464f-9b0e-13a3a9e97384}","minVersion":"55.0.3","maxVersion":"55.*"}],"targetPlatforms":[],"multiprocessCompatible":true,"seen":true,"dependencies":[],"hasEmbeddedWebExtension":false,"mpcOptedOut":false,"userPermissions":null,"icons":{},"iconURL":null,"icon64URL":null}
1505476324646	addons.xpi	DEBUG	Updating XPIState for {"id":"clicktoplay-rollout@mozilla.org","syncGUID":"{f3d17038-97f1-4aef-bfb7-bab44b55caf2}","location":"app-system-defaults","version":"1.2","type":"extension","internalName":null,"updateURL":null,"updateKey":null,"optionsURL":null,"optionsType":null,"aboutURL":null,"defaultLocale":{"name":"Click-to-Play staged rollout","description":"Staged rollout for Click-to-Play Flash.","creator":null,"homepageURL":null},"visible":true,"active":true,"userDisabled":false,"appDisabled":false,"installDate":1505473136998,"updateDate":1505473136998,"applyBackgroundUpdates":1,"bootstrap":true,"path":"C:\\Program Files\\Mozilla Firefox\\browser\\features\\clicktoplay-rollout@mozilla.org.xpi","skinnable":false,"size":5621,"sourceURI":null,"releaseNotesURI":null,"softDisabled":false,"foreignInstall":false,"hasBinaryComponents":false,"strictCompatibility":false,"locales":[],"targetApplications":[{"id":"{ec8030f7-c20a-464f-9b0e-13a3a9e97384}","minVersion":"55.0.3","maxVersion":"55.*"}],"targetPlatforms":[],"multiprocessCompatible":true,"seen":true,"dependencies":[],"hasEmbeddedWebExtension":false,"mpcOptedOut":false,"userPermissions":null,"icons":{},"iconURL":null,"icon64URL":null}
1505476324647	addons.xpi	DEBUG	Updating XPIState for {"id":"e10srollout@mozilla.org","syncGUID":"{0f871bd7-b4b1-477b-8f79-96b0494d2338}","location":"app-system-defaults","version":"2.0","type":"extension","internalName":null,"updateURL":null,"updateKey":null,"optionsURL":null,"optionsType":null,"aboutURL":null,"defaultLocale":{"name":"Multi-process staged rollout","description":"Staged rollout of Firefox multi-process feature.","creator":null,"homepageURL":null},"visible":true,"active":true,"userDisabled":false,"appDisabled":false,"installDate":1505473136009,"updateDate":1505473136009,"applyBackgroundUpdates":1,"bootstrap":true,"path":"C:\\Program Files\\Mozilla Firefox\\browser\\features\\e10srollout@mozilla.org.xpi","skinnable":false,"size":13287,"sourceURI":null,"releaseNotesURI":null,"softDisabled":false,"foreignInstall":false,"hasBinaryComponents":false,"strictCompatibility":false,"locales":[],"targetApplications":[{"id":"{ec8030f7-c20a-464f-9b0e-13a3a9e97384}","minVersion":"55.0.3","maxVersion":"55.*"}],"targetPlatforms":[],"multiprocessCompatible":true,"seen":true,"dependencies":[],"hasEmbeddedWebExtension":false,"mpcOptedOut":false,"userPermissions":null,"icons":{},"iconURL":null,"icon64URL":null}
1505476324647	addons.xpi	DEBUG	Updating XPIState for {"id":"firefox@getpocket.com","syncGUID":"{4bb098a5-c4b0-4eb4-b40d-13b0b6b77e66}","location":"app-system-defaults","version":"1.0.5","type":"extension","internalName":null,"updateURL":null,"updateKey":null,"optionsURL":null,"optionsType":null,"aboutURL":null,"defaultLocale":{"name":"Pocket","description":"When you find something you want to view later, put it in Pocket.","creator":null,"homepageURL":null},"visible":true,"active":true,"userDisabled":false,"appDisabled":false,"installDate":1505473135966,"updateDate":1505473135966,"applyBackgroundUpdates":1,"bootstrap":true,"path":"C:\\Program Files\\Mozilla Firefox\\browser\\features\\firefox@getpocket.com.xpi","skinnable":false,"size":862993,"sourceURI":null,"releaseNotesURI":null,"softDisabled":false,"foreignInstall":false,"hasBinaryComponents":false,"strictCompatibility":false,"locales":[],"targetApplications":[{"id":"{ec8030f7-c20a-464f-9b0e-13a3a9e97384}","minVersion":"55.0.3","maxVersion":"55.*"}],"targetPlatforms":[],"multiprocessCompatible":true,"seen":true,"dependencies":[],"hasEmbeddedWebExtension":false,"mpcOptedOut":false,"userPermissions":null,"icons":{},"iconURL":null,"icon64URL":null}
1505476324648	addons.xpi	DEBUG	Updating XPIState for {"id":"followonsearch@mozilla.com","syncGUID":"{2e8f68d4-db56-43fc-a578-81d03a42d16c}","location":"app-system-defaults","version":"0.9.1","type":"extension","internalName":null,"updateURL":null,"updateKey":null,"optionsURL":null,"optionsType":null,"aboutURL":null,"defaultLocale":{"name":"Follow-on Search Telemetry","description":null,"creator":null,"homepageURL":null},"visible":true,"active":true,"userDisabled":false,"appDisabled":false,"installDate":1505473136964,"updateDate":1505473136964,"applyBackgroundUpdates":1,"bootstrap":true,"path":"C:\\Program Files\\Mozilla Firefox\\browser\\features\\followonsearch@mozilla.com.xpi","skinnable":false,"size":16730,"sourceURI":null,"releaseNotesURI":null,"softDisabled":false,"foreignInstall":false,"hasBinaryComponents":false,"strictCompatibility":false,"locales":[],"targetApplications":[{"id":"{ec8030f7-c20a-464f-9b0e-13a3a9e97384}","minVersion":"52.0","maxVersion":"59.*"}],"targetPlatforms":[],"multiprocessCompatible":true,"seen":true,"dependencies":[],"hasEmbeddedWebExtension":false,"mpcOptedOut":false,"userPermissions":null,"icons":{},"iconURL":null,"icon64URL":null}
1505476324648	addons.xpi	DEBUG	Updating XPIState for {"id":"screenshots@mozilla.org","syncGUID":"{a043a8cd-7cdf-4e90-9461-f400dcbed785}","location":"app-system-defaults","version":"10.12.0","type":"extension","internalName":null,"updateURL":null,"updateKey":null,"optionsURL":null,"optionsType":null,"aboutURL":null,"defaultLocale":{"name":"Firefox Screenshots","description":null,"creator":null,"homepageURL":"https://pageshot.net/"},"visible":true,"active":true,"userDisabled":false,"appDisabled":false,"installDate":1505473135787,"updateDate":1505473135787,"applyBackgroundUpdates":1,"bootstrap":true,"path":"C:\\Program Files\\Mozilla Firefox\\browser\\features\\screenshots@mozilla.org.xpi","skinnable":false,"size":714554,"sourceURI":null,"releaseNotesURI":null,"softDisabled":false,"foreignInstall":false,"hasBinaryComponents":false,"strictCompatibility":false,"locales":[],"targetApplications":[{"id":"{ec8030f7-c20a-464f-9b0e-13a3a9e97384}","minVersion":"51.0a1","maxVersion":"*"}],"targetPlatforms":[],"multiprocessCompatible":true,"seen":true,"dependencies":[],"hasEmbeddedWebExtension":false,"mpcOptedOut":false,"userPermissions":null,"icons":{},"iconURL":null,"icon64URL":null}
1505476324649	addons.xpi	DEBUG	Updating XPIState for {"id":"shield-recipe-client@mozilla.org","syncGUID":"{337e21db-9484-42b4-82f8-bad572aa9d69}","location":"app-system-defaults","version":"55.1","type":"extension","internalName":null,"updateURL":null,"updateKey":null,"optionsURL":null,"optionsType":null,"aboutURL":null,"defaultLocale":{"name":"Shield Recipe Client","description":"Client to download and run recipes for SHIELD, Heartbeat, etc.","creator":null,"homepageURL":null},"visible":true,"active":true,"userDisabled":false,"appDisabled":false,"installDate":1505473136918,"updateDate":1505473136918,"applyBackgroundUpdates":1,"bootstrap":true,"path":"C:\\Program Files\\Mozilla Firefox\\browser\\features\\shield-recipe-client@mozilla.org.xpi","skinnable":false,"size":140305,"sourceURI":null,"releaseNotesURI":null,"softDisabled":false,"foreignInstall":false,"hasBinaryComponents":false,"strictCompatibility":false,"locales":[],"targetApplications":[{"id":"{ec8030f7-c20a-464f-9b0e-13a3a9e97384}","minVersion":"55.0.3","maxVersion":"55.*"}],"targetPlatforms":[],"multiprocessCompatible":true,"seen":true,"dependencies":[],"hasEmbeddedWebExtension":false,"mpcOptedOut":false,"userPermissions":null,"icons":{},"iconURL":null,"icon64URL":null}
1505476324650	addons.xpi	DEBUG	Updating XPIState for {"id":"webcompat@mozilla.org","syncGUID":"{2cbeec11-63eb-42cb-9bcd-2498cb3fbd4b}","location":"app-system-defaults","version":"1.1","type":"extension","internalName":null,"updateURL":null,"updateKey":null,"optionsURL":null,"optionsType":null,"aboutURL":null,"defaultLocale":{"name":"Web Compat","description":"Urgent post-release fixes for web compatibility.","creator":null,"homepageURL":null},"visible":true,"active":true,"userDisabled":false,"appDisabled":false,"installDate":1505473135636,"updateDate":1505473135636,"applyBackgroundUpdates":1,"bootstrap":true,"path":"C:\\Program Files\\Mozilla Firefox\\browser\\features\\webcompat@mozilla.org.xpi","skinnable":false,"size":8992,"sourceURI":null,"releaseNotesURI":null,"softDisabled":false,"foreignInstall":false,"hasBinaryComponents":false,"strictCompatibility":false,"locales":[],"targetApplications":[{"id":"{ec8030f7-c20a-464f-9b0e-13a3a9e97384}","minVersion":"55.0.3","maxVersion":"55.*"}],"targetPlatforms":[],"multiprocessCompatible":true,"seen":true,"dependencies":[],"hasEmbeddedWebExtension":false,"mpcOptedOut":false,"userPermissions":null,"icons":{},"iconURL":null,"icon64URL":null}
1505476324650	addons.xpi	DEBUG	Updating XPIState for {"id":"{972ce4c6-7e08-4474-a285-3208198ce6fd}","syncGUID":"{4f987d2a-f78f-4677-83ca-d6a2eca80817}","location":"app-global","version":"55.0.3","type":"theme","internalName":"classic/1.0","updateURL":null,"updateKey":null,"optionsURL":null,"optionsType":null,"optionsBrowserStyle":null,"aboutURL":null,"defaultLocale":{"name":"Default","description":"The default theme.","creator":"Mozilla","homepageURL":null,"contributors":["Mozilla Contributors"]},"visible":true,"active":true,"userDisabled":false,"appDisabled":false,"installDate":1505473136159,"updateDate":1505473136159,"applyBackgroundUpdates":1,"path":"C:\\Program Files\\Mozilla Firefox\\browser\\extensions\\{972ce4c6-7e08-4474-a285-3208198ce6fd}.xpi","skinnable":true,"size":7559,"sourceURI":null,"releaseNotesURI":null,"softDisabled":false,"foreignInstall":false,"hasBinaryComponents":false,"strictCompatibility":true,"locales":[],"targetApplications":[{"id":"{ec8030f7-c20a-464f-9b0e-13a3a9e97384}","minVersion":"55.0.3","maxVersion":"55.0.3"}],"targetPlatforms":[],"seen":true,"dependencies":[],"hasEmbeddedWebExtension":false,"userPermissions":null,"icons":{},"iconURL":"chrome://browser/content/default-theme-icon.svg","icon64URL":null}
1505476324654	DeferredSave.extensions.json	DEBUG	Save changes
1505476324654	addons.xpi	DEBUG	Updating database with changes to installed add-ons
1505476324654	addons.xpi-utils	DEBUG	Updating add-on states
1505476324673	addons.xpi	DEBUG	Registering manifest for C:\Program Files\Mozilla Firefox\browser\features\aushelper@mozilla.org.xpi
1505476324676	addons.xpi	DEBUG	Calling bootstrap method startup on aushelper@mozilla.org version 2.0
1505476324684	addons.xpi	DEBUG	Registering manifest for C:\Program Files\Mozilla Firefox\browser\features\clicktoplay-rollout@mozilla.org.xpi
1505476324686	addons.xpi	DEBUG	Calling bootstrap method startup on clicktoplay-rollout@mozilla.org version 1.2
1505476324820	addons.xpi	DEBUG	Registering manifest for C:\Program Files\Mozilla Firefox\browser\features\e10srollout@mozilla.org.xpi
1505476324823	addons.xpi	DEBUG	Calling bootstrap method startup on e10srollout@mozilla.org version 2.0
1505476324824	addons.xpi	DEBUG	Registering manifest for C:\Program Files\Mozilla Firefox\browser\features\firefox@getpocket.com.xpi
1505476324828	addons.xpi	DEBUG	Calling bootstrap method startup on firefox@getpocket.com version 1.0.5
1505476325001	addons.xpi	DEBUG	Registering manifest for C:\Program Files\Mozilla Firefox\browser\features\followonsearch@mozilla.com.xpi
1505476325003	addons.xpi	DEBUG	Calling bootstrap method startup on followonsearch@mozilla.com version 0.9.1
1505476325005	addons.xpi	DEBUG	Registering manifest for C:\Program Files\Mozilla Firefox\browser\features\screenshots@mozilla.org.xpi
1505476325006	addons.xpi	DEBUG	Calling bootstrap method startup on screenshots@mozilla.org version 10.12.0
1505476325008	addons.xpi	DEBUG	Registering manifest for C:\Program Files\Mozilla Firefox\browser\features\shield-recipe-client@mozilla.org.xpi
1505476325011	addons.xpi	DEBUG	Calling bootstrap method startup on shield-recipe-client@mozilla.org version 55.1
1505476325046	addons.xpi	DEBUG	Registering manifest for C:\Program Files\Mozilla Firefox\browser\features\webcompat@mozilla.org.xpi
1505476325048	addons.xpi	DEBUG	Calling bootstrap method startup on webcompat@mozilla.org version 1.1
1505476325067	addons.manager	DEBUG	Registering shutdown blocker for XPIProvider
1505476325068	addons.manager	DEBUG	Provider finished startup: XPIProvider
1505476325068	addons.manager	DEBUG	Starting provider: LightweightThemeManager
1505476325068	addons.manager	DEBUG	Registering shutdown blocker for LightweightThemeManager
1505476325069	addons.manager	DEBUG	Provider finished startup: LightweightThemeManager
1505476325071	addons.manager	DEBUG	Starting provider: GMPProvider
1505476325086	addons.manager	DEBUG	Registering shutdown blocker for GMPProvider
1505476325087	addons.manager	DEBUG	Provider finished startup: GMPProvider
1505476325087	addons.manager	DEBUG	Starting provider: PluginProvider
1505476325088	addons.manager	DEBUG	Registering shutdown blocker for PluginProvider
1505476325089	addons.manager	DEBUG	Provider finished startup: PluginProvider
1505476325090	addons.manager	DEBUG	Completed startup sequence
1505476327417	DeferredSave.extensions.json	DEBUG	Write succeeded
1505476327418	addons.xpi-utils	DEBUG	XPI Database saved, setting schema version preference to 21
1505476327419	DeferredSave.extensions.json	DEBUG	Starting timer
1505476327467	DeferredSave.extensions.json	DEBUG	Starting write
1505476327518	addons.repository	DEBUG	No addons.json found.
1505476327520	DeferredSave.addons.json	DEBUG	Save changes
1505476327540	DeferredSave.addons.json	DEBUG	Starting timer
1505476327645	addons.manager	DEBUG	Starting provider: PreviousExperimentProvider
1505476327645	addons.manager	DEBUG	Registering shutdown blocker for PreviousExperimentProvider
1505476327646	addons.manager	DEBUG	Provider finished startup: PreviousExperimentProvider
1505476327658	DeferredSave.addons.json	DEBUG	Starting write
1505476327708	DeferredSave.extensions.json	DEBUG	Write succeeded
1505476327752	DeferredSave.addons.json	DEBUG	Write succeeded
Unable to read VR Path Registry from C:\Users\Vignesh\AppData\Local\openvr\openvrpaths.vrpath
[GPU 5228] WARNING: pipe error: 109: file c:/builds/moz2_slave/m-rel-w64-00000000000000000000/build/src/ipc/chromium/src/chrome/common/ipc_channel_win.cc, line 346
Unable to read VR Path Registry from C:\Users\Vignesh\AppData\Local\openvr\openvrpaths.vrpath
[Parent 2832] WARNING: pipe error: 109: file c:/builds/moz2_slave/m-rel-w64-00000000000000000000/build/src/ipc/chromium/src/chrome/common/ipc_channel_win.cc, line 346
Unable to read VR Path Registry from C:\Users\Vignesh\AppData\Local\openvr\openvrpaths.vrpath
[Child 1788] WARNING: pipe error: 109: file c:/builds/moz2_slave/m-rel-w64-00000000000000000000/build/src/ipc/chromium/src/chrome/common/ipc_channel_win.cc, line 346
[Child 1788] WARNING: pipe error: 109: file c:/builds/moz2_slave/m-rel-w64-00000000000000000000/build/src/ipc/chromium/src/chrome/common/ipc_channel_win.cc, line 346
1505476332486	addons.manager	DEBUG	Starting provider: <unnamed-provider>
1505476332486	addons.manager	DEBUG	Registering shutdown blocker for <unnamed-provider>
1505476332487	addons.manager	DEBUG	Provider finished startup: <unnamed-provider>
1505476332499	addons.xpi	INFO	Mapping fxdriver@googlecode.com to C:\Users\Vignesh\AppData\Local\Temp\anonymous689752617556198251webdriver-profile\extensions\fxdriver@googlecode.com
1505476332499	addons.xpi	DEBUG	Ignoring file entry whose name is not a valid add-on ID: C:\Users\Vignesh\AppData\Local\Temp\anonymous689752617556198251webdriver-profile\extensions\webdriver-staging
1505476332502	addons.xpi	DEBUG	Existing add-on fxdriver@googlecode.com in app-profile
1505476332504	addons.xpi	INFO	Mapping aushelper@mozilla.org to C:\Program Files\Mozilla Firefox\browser\features\aushelper@mozilla.org.xpi
1505476332505	addons.xpi	INFO	Mapping clicktoplay-rollout@mozilla.org to C:\Program Files\Mozilla Firefox\browser\features\clicktoplay-rollout@mozilla.org.xpi
1505476332505	addons.xpi	INFO	Mapping e10srollout@mozilla.org to C:\Program Files\Mozilla Firefox\browser\features\e10srollout@mozilla.org.xpi
1505476332506	addons.xpi	INFO	Mapping firefox@getpocket.com to C:\Program Files\Mozilla Firefox\browser\features\firefox@getpocket.com.xpi
1505476332506	addons.xpi	INFO	Mapping followonsearch@mozilla.com to C:\Program Files\Mozilla Firefox\browser\features\followonsearch@mozilla.com.xpi
1505476332507	addons.xpi	INFO	Mapping screenshots@mozilla.org to C:\Program Files\Mozilla Firefox\browser\features\screenshots@mozilla.org.xpi
1505476332507	addons.xpi	INFO	Mapping shield-recipe-client@mozilla.org to C:\Program Files\Mozilla Firefox\browser\features\shield-recipe-client@mozilla.org.xpi
1505476332508	addons.xpi	INFO	Mapping webcompat@mozilla.org to C:\Program Files\Mozilla Firefox\browser\features\webcompat@mozilla.org.xpi
1505476332509	addons.xpi	DEBUG	Existing add-on aushelper@mozilla.org in app-system-defaults
1505476332511	addons.xpi	DEBUG	Existing add-on clicktoplay-rollout@mozilla.org in app-system-defaults
1505476332512	addons.xpi	DEBUG	Existing add-on e10srollout@mozilla.org in app-system-defaults
1505476332513	addons.xpi	DEBUG	Existing add-on firefox@getpocket.com in app-system-defaults
1505476332514	addons.xpi	DEBUG	Existing add-on followonsearch@mozilla.com in app-system-defaults
1505476332515	addons.xpi	DEBUG	Existing add-on screenshots@mozilla.org in app-system-defaults
1505476332517	addons.xpi	DEBUG	Existing add-on shield-recipe-client@mozilla.org in app-system-defaults
1505476332518	addons.xpi	DEBUG	Existing add-on webcompat@mozilla.org in app-system-defaults
1505476332520	addons.xpi	INFO	Mapping {972ce4c6-7e08-4474-a285-3208198ce6fd} to C:\Program Files\Mozilla Firefox\browser\extensions\{972ce4c6-7e08-4474-a285-3208198ce6fd}.xpi
1505476332521	addons.xpi	DEBUG	Existing add-on {972ce4c6-7e08-4474-a285-3208198ce6fd} in app-global
1505476332522	addons.xpi	DEBUG	getInstallState changed: false, state: {}
1505476332864	addons.productaddons	INFO	sending request to: https://aus5.mozilla.org/update/3/GMP/55.0.3/20170824053622/WINNT_x86_64-msvc-x64/en-US/release/Windows_NT%206.1.1.0%20(x64)/default/default/update.xml
1505476334833	addons.productaddons	INFO	Completed downloading document
1505476336215	addons.productaddons	INFO	downloadXHR File download. status=200
1505476336258	addons.productaddons	INFO	Downloaded file will be saved to C:\Users\Vignesh\AppData\Local\Temp\tmpaddon

Build info: version: '3.3.1', revision: '5234b325d5', time: '2017-03-10 09:10:29 +0000'
System info: host: 'VIGNESH-PC', ip: '192.168.0.112', os.name: 'Windows 7', os.arch: 'amd64', os.version: '6.1', java.version: '1.8.0_111'
Driver info: driver.version: FirefoxDriver
	at org.openqa.selenium.firefox.internal.NewProfileExtensionConnection.start(NewProfileExtensionConnection.java:124)
	at org.openqa.selenium.firefox.FirefoxDriver.startClient(FirefoxDriver.java:332)
	at org.openqa.selenium.remote.RemoteWebDriver.<init>(RemoteWebDriver.java:119)
	at org.openqa.selenium.firefox.FirefoxDriver.<init>(FirefoxDriver.java:218)
	at org.openqa.selenium.firefox.FirefoxDriver.<init>(FirefoxDriver.java:125)
	at org.openqa.selenium.firefox.FirefoxDriver.<init>(FirefoxDriver.java:121)
	at com.test.mo.automation.testbase.Testbase.selectbrowser(Testbase.java:66)
	at com.test.mo.automation.testbase.Testbase.init(Testbase.java:27)
	at com.test.mo.automation.login.logintest.startBrowser(logintest.java:18)
	at sun.reflect.NativeMethodAccessorImpl.invoke0(Native Method)
	at sun.reflect.NativeMethodAccessorImpl.invoke(NativeMethodAccessorImpl.java:62)
	at sun.reflect.DelegatingMethodAccessorImpl.invoke(DelegatingMethodAccessorImpl.java:43)
	at java.lang.reflect.Method.invoke(Method.java:498)
	at org.testng.internal.MethodInvocationHelper.invokeMethod(MethodInvocationHelper.java:104)
	at org.testng.internal.Invoker.invokeConfigurationMethod(Invoker.java:515)
	at org.testng.internal.Invoker.invokeConfigurations(Invoker.java:217)
	at org.testng.internal.Invoker.invokeConfigurations(Invoker.java:144)
	at org.testng.internal.TestMethodWorker.invokeBeforeClassMethods(TestMethodWorker.java:169)
	at org.testng.internal.TestMethodWorker.run(TestMethodWorker.java:108)
	at org.testng.TestRunner.privateRun(TestRunner.java:756)
	at org.testng.TestRunner.run(TestRunner.java:610)
	at org.testng.SuiteRunner.runTest(SuiteRunner.java:387)
	at org.testng.SuiteRunner.runSequentially(SuiteRunner.java:382)
	at org.testng.SuiteRunner.privateRun(SuiteRunner.java:340)
	at org.testng.SuiteRunner.run(SuiteRunner.java:289)
	at org.testng.SuiteRunnerWorker.runSuite(SuiteRunnerWorker.java:52)
	at org.testng.SuiteRunnerWorker.run(SuiteRunnerWorker.java:86)
	at org.testng.TestNG.runSuitesSequentially(TestNG.java:1293)
	at org.testng.TestNG.runSuitesLocally(TestNG.java:1218)
	at org.testng.TestNG.runSuites(TestNG.java:1133)
	at org.testng.TestNG.run(TestNG.java:1104)
	at org.testng.remote.AbstractRemoteTestNG.run(AbstractRemoteTestNG.java:132)
	at org.testng.remote.RemoteTestNG.initAndRun(RemoteTestNG.java:236)
	at org.testng.remote.RemoteTestNG.main(RemoteTestNG.java:81)
Caused by: org.openqa.selenium.firefox.NotConnectedException: Unable to connect to host 127.0.0.1 on port 7055 after 45000 ms. Firefox console output:
505476324540	DeferredSave.extensions.json	DEBUG	Save changes
1505476324540	addons.manager	DEBUG	Registering startup change 'installed' for e10srollout@mozilla.org
1505476324543	addons.xpi	DEBUG	Loading bootstrap scope from C:\Program Files\Mozilla Firefox\browser\features\e10srollout@mozilla.org.xpi
[...]
1505476324645	addons.xpi	DEBUG	Updating XPIState for {"id":"aushelper@mozilla.org","syncGUID":"{0bf3a66f-716c-45fc-93e1-42354a3e3d3b}","location":"app-system-defaults","version":"2.0","type":"extension","internalName":null,"updateURL":null,"updateKey":null,"optionsURL":null,"optionsType":null,"aboutURL":null,"defaultLocale":{"name":"Application Update Service Helper","description":"Sets value(s) in the update url based on custom checks.","creator":null,"homepageURL":null},"visible":true,"active":true,"userDisabled":false,"appDisabled":false,"installDate":1505473136047,"updateDate":1505473136047,"applyBackgroundUpdates":1,"bootstrap":true,"path":"C:\\Program Files\\Mozilla Firefox\\browser\\features\\aushelper@mozilla.org.xpi","skinnable":false,"size":8488,"sourceURI":null,"releaseNotesURI":null,"softDisabled":false,"foreignInstall":false,"hasBinaryComponents":false,"strictCompatibility":false,"locales":[],"targetApplications":[{"id":"{ec8030f7-c20a-464f-9b0e-13a3a9e97384}","minVersion":"55.0.3","maxVersion":"55.*"}],"targetPlatforms":[],"multiprocessCompatible":true,"seen":true,"dependencies":[],"hasEmbeddedWebExtension":false,"mpcOptedOut":false,"userPermissions":null,"icons":{},"iconURL":null,"icon64URL":null}
1505476324646	addons.xpi	DEBUG	Updating XPIState for {"id":"clicktoplay-rollout@mozilla.org","syncGUID":"{f3d17038-97f1-4aef-bfb7-bab44b55caf2}","location":"app-system-defaults","version":"1.2","type":"extension","internalName":null,"updateURL":null,"updateKey":null,"optionsURL":null,"optionsType":null,"aboutURL":null,"defaultLocale":{"name":"Click-to-Play staged rollout","description":"Staged rollout for Click-to-Play Flash.","creator":null,"homepageURL":null},"visible":true,"active":true,"userDisabled":false,"appDisabled":false,"installDate":1505473136998,"updateDate":1505473136998,"applyBackgroundUpdates":1,"bootstrap":true,"path":"C:\\Program Files\\Mozilla Firefox\\browser\\features\\clicktoplay-rollout@mozilla.org.xpi","skinnable":false,"size":5621,"sourceURI":null,"releaseNotesURI":null,"softDisabled":false,"foreignInstall":false,"hasBinaryComponents":false,"strictCompatibility":false,"locales":[],"targetApplications":[{"id":"{ec8030f7-c20a-464f-9b0e-13a3a9e97384}","minVersion":"55.0.3","maxVersion":"55.*"}],"targetPlatforms":[],"multiprocessCompatible":true,"seen":true,"dependencies":[],"hasEmbeddedWebExtension":false,"mpcOptedOut":false,"userPermissions":null,"icons":{},"iconURL":null,"icon64URL":null}
1505476324647	addons.xpi	DEBUG	Updating XPIState for {"id":"e10srollout@mozilla.org","syncGUID":"{0f871bd7-b4b1-477b-8f79-96b0494d2338}","location":"app-system-defaults","version":"2.0","type":"extension","internalName":null,"updateURL":null,"updateKey":null,"optionsURL":null,"optionsType":null,"aboutURL":null,"defaultLocale":{"name":"Multi-process staged rollout","description":"Staged rollout of Firefox multi-process feature.","creator":null,"homepageURL":null},"visible":true,"active":true,"userDisabled":false,"appDisabled":false,"installDate":1505473136009,"updateDate":1505473136009,"applyBackgroundUpdates":1,"bootstrap":true,"path":"C:\\Program Files\\Mozilla Firefox\\browser\\features\\e10srollout@mozilla.org.xpi","skinnable":false,"size":13287,"sourceURI":null,"releaseNotesURI":null,"softDisabled":false,"foreignInstall":false,"hasBinaryComponents":false,"strictCompatibility":false,"locales":[],"targetApplications":[{"id":"{ec8030f7-c20a-464f-9b0e-13a3a9e97384}","minVersion":"55.0.3","maxVersion":"55.*"}],"targetPlatforms":[],"multiprocessCompatible":true,"seen":true,"dependencies":[],"hasEmbeddedWebExtension":false,"mpcOptedOut":false,"userPermissions":null,"icons":{},"iconURL":null,"icon64URL":null}
1505476324647	addons.xpi	DEBUG	Updating XPIState for {"id":"firefox@getpocket.com","syncGUID":"{4bb098a5-c4b0-4eb4-b40d-13b0b6b77e66}","location":"app-system-defaults","version":"1.0.5","type":"extension","internalName":null,"updateURL":null,"updateKey":null,"optionsURL":null,"optionsType":null,"aboutURL":null,"defaultLocale":{"name":"Pocket","description":"When you find something you want to view later, put it in Pocket.","creator":null,"homepageURL":null},"visible":true,"active":true,"userDisabled":false,"appDisabled":false,"installDate":1505473135966,"updateDate":1505473135966,"applyBackgroundUpdates":1,"bootstrap":true,"path":"C:\\Program Files\\Mozilla Firefox\\browser\\features\\firefox@getpocket.com.xpi","skinnable":false,"size":862993,"sourceURI":null,"releaseNotesURI":null,"softDisabled":false,"foreignInstall":false,"hasBinaryComponents":false,"strictCompatibility":false,"locales":[],"targetApplications":[{"id":"{ec8030f7-c20a-464f-9b0e-13a3a9e97384}","minVersion":"55.0.3","maxVersion":"55.*"}],"targetPlatforms":[],"multiprocessCompatible":true,"seen":true,"dependencies":[],"hasEmbeddedWebExtension":false,"mpcOptedOut":false,"userPermissions":null,"icons":{},"iconURL":null,"icon64URL":null}
1505476324648	addons.xpi	DEBUG	Updating XPIState for {"id":"followonsearch@mozilla.com","syncGUID":"{2e8f68d4-db56-43fc-a578-81d03a42d16c}","location":"app-system-defaults","version":"0.9.1","type":"extension","internalName":null,"updateURL":null,"updateKey":null,"optionsURL":null,"optionsType":null,"aboutURL":null,"defaultLocale":{"name":"Follow-on Search Telemetry","description":null,"creator":null,"homepageURL":null},"visible":true,"active":true,"userDisabled":false,"appDisabled":false,"installDate":1505473136964,"updateDate":1505473136964,"applyBackgroundUpdates":1,"bootstrap":true,"path":"C:\\Program Files\\Mozilla Firefox\\browser\\features\\followonsearch@mozilla.com.xpi","skinnable":false,"size":16730,"sourceURI":null,"releaseNotesURI":null,"softDisabled":false,"foreignInstall":false,"hasBinaryComponents":false,"strictCompatibility":false,"locales":[],"targetApplications":[{"id":"{ec8030f7-c20a-464f-9b0e-13a3a9e97384}","minVersion":"52.0","maxVersion":"59.*"}],"targetPlatforms":[],"multiprocessCompatible":true,"seen":true,"dependencies":[],"hasEmbeddedWebExtension":false,"mpcOptedOut":false,"userPermissions":null,"icons":{},"iconURL":null,"icon64URL":null}
1505476324648	addons.xpi	DEBUG	Updating XPIState for {"id":"screenshots@mozilla.org","syncGUID":"{a043a8cd-7cdf-4e90-9461-f400dcbed785}","location":"app-system-defaults","version":"10.12.0","type":"extension","internalName":null,"updateURL":null,"updateKey":null,"optionsURL":null,"optionsType":null,"aboutURL":null,"defaultLocale":{"name":"Firefox Screenshots","description":null,"creator":null,"homepageURL":"https://pageshot.net/"},"visible":true,"active":true,"userDisabled":false,"appDisabled":false,"installDate":1505473135787,"updateDate":1505473135787,"applyBackgroundUpdates":1,"bootstrap":true,"path":"C:\\Program Files\\Mozilla Firefox\\browser\\features\\screenshots@mozilla.org.xpi","skinnable":false,"size":714554,"sourceURI":null,"releaseNotesURI":null,"softDisabled":false,"foreignInstall":false,"hasBinaryComponents":false,"strictCompatibility":false,"locales":[],"targetApplications":[{"id":"{ec8030f7-c20a-464f-9b0e-13a3a9e97384}","minVersion":"51.0a1","maxVersion":"*"}],"targetPlatforms":[],"multiprocessCompatible":true,"seen":true,"dependencies":[],"hasEmbeddedWebExtension":false,"mpcOptedOut":false,"userPermissions":null,"icons":{},"iconURL":null,"icon64URL":null}
1505476324649	addons.xpi	DEBUG	Updating XPIState for {"id":"shield-recipe-client@mozilla.org","syncGUID":"{337e21db-9484-42b4-82f8-bad572aa9d69}","location":"app-system-defaults","version":"55.1","type":"extension","internalName":null,"updateURL":null,"updateKey":null,"optionsURL":null,"optionsType":null,"aboutURL":null,"defaultLocale":{"name":"Shield Recipe Client","description":"Client to download and run recipes for SHIELD, Heartbeat, etc.","creator":null,"homepageURL":null},"visible":true,"active":true,"userDisabled":false,"appDisabled":false,"installDate":1505473136918,"updateDate":1505473136918,"applyBackgroundUpdates":1,"bootstrap":true,"path":"C:\\Program Files\\Mozilla Firefox\\browser\\features\\shield-recipe-client@mozilla.org.xpi","skinnable":false,"size":140305,"sourceURI":null,"releaseNotesURI":null,"softDisabled":false,"foreignInstall":false,"hasBinaryComponents":false,"strictCompatibility":false,"locales":[],"targetApplications":[{"id":"{ec8030f7-c20a-464f-9b0e-13a3a9e97384}","minVersion":"55.0.3","maxVersion":"55.*"}],"targetPlatforms":[],"multiprocessCompatible":true,"seen":true,"dependencies":[],"hasEmbeddedWebExtension":false,"mpcOptedOut":false,"userPermissions":null,"icons":{},"iconURL":null,"icon64URL":null}
1505476324650	addons.xpi	DEBUG	Updating XPIState for {"id":"webcompat@mozilla.org","syncGUID":"{2cbeec11-63eb-42cb-9bcd-2498cb3fbd4b}","location":"app-system-defaults","version":"1.1","type":"extension","internalName":null,"updateURL":null,"updateKey":null,"optionsURL":null,"optionsType":null,"aboutURL":null,"defaultLocale":{"name":"Web Compat","description":"Urgent post-release fixes for web compatibility.","creator":null,"homepageURL":null},"visible":true,"active":true,"userDisabled":false,"appDisabled":false,"installDate":1505473135636,"updateDate":1505473135636,"applyBackgroundUpdates":1,"bootstrap":true,"path":"C:\\Program Files\\Mozilla Firefox\\browser\\features\\webcompat@mozilla.org.xpi","skinnable":false,"size":8992,"sourceURI":null,"releaseNotesURI":null,"softDisabled":false,"foreignInstall":false,"hasBinaryComponents":false,"strictCompatibility":false,"locales":[],"targetApplications":[{"id":"{ec8030f7-c20a-464f-9b0e-13a3a9e97384}","minVersion":"55.0.3","maxVersion":"55.*"}],"targetPlatforms":[],"multiprocessCompatible":true,"seen":true,"dependencies":[],"hasEmbeddedWebExtension":false,"mpcOptedOut":false,"userPermissions":null,"icons":{},"iconURL":null,"icon64URL":null}
1505476324650	addons.xpi	DEBUG	Updating XPIState for {"id":"{972ce4c6-7e08-4474-a285-3208198ce6fd}","syncGUID":"{4f987d2a-f78f-4677-83ca-d6a2eca80817}","location":"app-global","version":"55.0.3","type":"theme","internalName":"classic/1.0","updateURL":null,"updateKey":null,"optionsURL":null,"optionsType":null,"optionsBrowserStyle":null,"aboutURL":null,"defaultLocale":{"name":"Default","description":"The default theme.","creator":"Mozilla","homepageURL":null,"contributors":["Mozilla Contributors"]},"visible":true,"active":true,"userDisabled":false,"appDisabled":false,"installDate":1505473136159,"updateDate":1505473136159,"applyBackgroundUpdates":1,"path":"C:\\Program Files\\Mozilla Firefox\\browser\\extensions\\{972ce4c6-7e08-4474-a285-3208198ce6fd}.xpi","skinnable":true,"size":7559,"sourceURI":null,"releaseNotesURI":null,"softDisabled":false,"foreignInstall":false,"hasBinaryComponents":false,"strictCompatibility":true,"locales":[],"targetApplications":[{"id":"{ec8030f7-c20a-464f-9b0e-13a3a9e97384}","minVersion":"55.0.3","maxVersion":"55.0.3"}],"targetPlatforms":[],"seen":true,"dependencies":[],"hasEmbeddedWebExtension":false,"userPermissions":null,"icons":{},"iconURL":"chrome://browser/content/default-theme-icon.svg","icon64URL":null}
1505476324654	DeferredSave.extensions.json	DEBUG	Save changes
1505476324654	addons.xpi	DEBUG	Updating database with changes to installed add-ons
1505476324654	addons.xpi-utils	DEBUG	Updating add-on states
1505476324673	addons.xpi	DEBUG	Registering manifest for C:\Program Files\Mozilla Firefox\browser\features\aushelper@mozilla.org.xpi
1505476324676	addons.xpi	DEBUG	Calling bootstrap method startup on aushelper@mozilla.org version 2.0
1505476324684	addons.xpi	DEBUG	Registering manifest for C:\Program Files\Mozilla Firefox\browser\features\clicktoplay-rollout@mozilla.org.xpi
1505476324686	addons.xpi	DEBUG	Calling bootstrap method startup on clicktoplay-rollout@mozilla.org version 1.2
1505476324820	addons.xpi	DEBUG	Registering manifest for C:\Program Files\Mozilla Firefox\browser\features\e10srollout@mozilla.org.xpi
1505476324823	addons.xpi	DEBUG	Calling bootstrap method startup on e10srollout@mozilla.org version 2.0
1505476324824	addons.xpi	DEBUG	Registering manifest for C:\Program Files\Mozilla Firefox\browser\features\firefox@getpocket.com.xpi
1505476324828	addons.xpi	DEBUG	Calling bootstrap method startup on firefox@getpocket.com version 1.0.5
1505476325001	addons.xpi	DEBUG	Registering manifest for C:\Program Files\Mozilla Firefox\browser\features\followonsearch@mozilla.com.xpi
1505476325003	addons.xpi	DEBUG	Calling bootstrap method startup on followonsearch@mozilla.com version 0.9.1
1505476325005	addons.xpi	DEBUG	Registering manifest for C:\Program Files\Mozilla Firefox\browser\features\screenshots@mozilla.org.xpi
1505476325006	addons.xpi	DEBUG	Calling bootstrap method startup on screenshots@mozilla.org version 10.12.0
1505476325008	addons.xpi	DEBUG	Registering manifest for C:\Program Files\Mozilla Firefox\browser\features\shield-recipe-client@mozilla.org.xpi
1505476325011	addons.xpi	DEBUG	Calling bootstrap method startup on shield-recipe-client@mozilla.org version 55.1
1505476325046	addons.xpi	DEBUG	Registering manifest for C:\Program Files\Mozilla Firefox\browser\features\webcompat@mozilla.org.xpi
1505476325048	addons.xpi	DEBUG	Calling bootstrap method startup on webcompat@mozilla.org version 1.1
1505476325067	addons.manager	DEBUG	Registering shutdown blocker for XPIProvider
1505476325068	addons.manager	DEBUG	Provider finished startup: XPIProvider
1505476325068	addons.manager	DEBUG	Starting provider: LightweightThemeManager
1505476325068	addons.manager	DEBUG	Registering shutdown blocker for LightweightThemeManager
1505476325069	addons.manager	DEBUG	Provider finished startup: LightweightThemeManager
1505476325071	addons.manager	DEBUG	Starting provider: GMPProvider
1505476325086	addons.manager	DEBUG	Registering shutdown blocker for GMPProvider
1505476325087	addons.manager	DEBUG	Provider finished startup: GMPProvider
1505476325087	addons.manager	DEBUG	Starting provider: PluginProvider
1505476325088	addons.manager	DEBUG	Registering shutdown blocker for PluginProvider
1505476325089	addons.manager	DEBUG	Provider finished startup: PluginProvider
1505476325090	addons.manager	DEBUG	Completed startup sequence
1505476327417	DeferredSave.extensions.json	DEBUG	Write succeeded
1505476327418	addons.xpi-utils	DEBUG	XPI Database saved, setting schema version preference to 21
1505476327419	DeferredSave.extensions.json	DEBUG	Starting timer
1505476327467	DeferredSave.extensions.json	DEBUG	Starting write
1505476327518	addons.repository	DEBUG	No addons.json found.
1505476327520	DeferredSave.addons.json	DEBUG	Save changes
1505476327540	DeferredSave.addons.json	DEBUG	Starting timer
1505476327645	addons.manager	DEBUG	Starting provider: PreviousExperimentProvider
1505476327645	addons.manager	DEBUG	Registering shutdown blocker for PreviousExperimentProvider
1505476327646	addons.manager	DEBUG	Provider finished startup: PreviousExperimentProvider
1505476327658	DeferredSave.addons.json	DEBUG	Starting write
1505476327708	DeferredSave.extensions.json	DEBUG	Write succeeded
1505476327752	DeferredSave.addons.json	DEBUG	Write succeeded
Unable to read VR Path Registry from C:\Users\Vignesh\AppData\Local\openvr\openvrpaths.vrpath
[GPU 5228] WARNING: pipe error: 109: file c:/builds/moz2_slave/m-rel-w64-00000000000000000000/build/src/ipc/chromium/src/chrome/common/ipc_channel_win.cc, line 346
Unable to read VR Path Registry from C:\Users\Vignesh\AppData\Local\openvr\openvrpaths.vrpath
[Parent 2832] WARNING: pipe error: 109: file c:/builds/moz2_slave/m-rel-w64-00000000000000000000/build/src/ipc/chromium/src/chrome/common/ipc_channel_win.cc, line 346
Unable to read VR Path Registry from C:\Users\Vignesh\AppData\Local\openvr\openvrpaths.vrpath
[Child 1788] WARNING: pipe error: 109: file c:/builds/moz2_slave/m-rel-w64-00000000000000000000/build/src/ipc/chromium/src/chrome/common/ipc_channel_win.cc, line 346
[Child 1788] WARNING: pipe error: 109: file c:/builds/moz2_slave/m-rel-w64-00000000000000000000/build/src/ipc/chromium/src/chrome/common/ipc_channel_win.cc, line 346
1505476332486	addons.manager	DEBUG	Starting provider: <unnamed-provider>
1505476332486	addons.manager	DEBUG	Registering shutdown blocker for <unnamed-provider>
1505476332487	addons.manager	DEBUG	Provider finished startup: <unnamed-provider>
1505476332499	addons.xpi	INFO	Mapping fxdriver@googlecode.com to C:\Users\Vignesh\AppData\Local\Temp\anonymous689752617556198251webdriver-profile\extensions\fxdriver@googlecode.com
1505476332499	addons.xpi	DEBUG	Ignoring file entry whose name is not a valid add-on ID: C:\Users\Vignesh\AppData\Local\Temp\anonymous689752617556198251webdriver-profile\extensions\webdriver-staging
1505476332502	addons.xpi	DEBUG	Existing add-on fxdriver@googlecode.com in app-profile
1505476332504	addons.xpi	INFO	Mapping aushelper@mozilla.org to C:\Program Files\Mozilla Firefox\browser\features\aushelper@mozilla.org.xpi
1505476332505	addons.xpi	INFO	Mapping clicktoplay-rollout@mozilla.org to C:\Program Files\Mozilla Firefox\browser\features\clicktoplay-rollout@mozilla.org.xpi
1505476332505	addons.xpi	INFO	Mapping e10srollout@mozilla.org to C:\Program Files\Mozilla Firefox\browser\features\e10srollout@mozilla.org.xpi
1505476332506	addons.xpi	INFO	Mapping firefox@getpocket.com to C:\Program Files\Mozilla Firefox\browser\features\firefox@getpocket.com.xpi
1505476332506	addons.xpi	INFO	Mapping followonsearch@mozilla.com to C:\Program Files\Mozilla Firefox\browser\features\followonsearch@mozilla.com.xpi
1505476332507	addons.xpi	INFO	Mapping screenshots@mozilla.org to C:\Program Files\Mozilla Firefox\browser\features\screenshots@mozilla.org.xpi
1505476332507	addons.xpi	INFO	Mapping shield-recipe-client@mozilla.org to C:\Program Files\Mozilla Firefox\browser\features\shield-recipe-client@mozilla.org.xpi
1505476332508	addons.xpi	INFO	Mapping webcompat@mozilla.org to C:\Program Files\Mozilla Firefox\browser\features\webcompat@mozilla.org.xpi
1505476332509	addons.xpi	DEBUG	Existing add-on aushelper@mozilla.org in app-system-defaults
1505476332511	addons.xpi	DEBUG	Existing add-on clicktoplay-rollout@mozilla.org in app-system-defaults
1505476332512	addons.xpi	DEBUG	Existing add-on e10srollout@mozilla.org in app-system-defaults
1505476332513	addons.xpi	DEBUG	Existing add-on firefox@getpocket.com in app-system-defaults
1505476332514	addons.xpi	DEBUG	Existing add-on followonsearch@mozilla.com in app-system-defaults
1505476332515	addons.xpi	DEBUG	Existing add-on screenshots@mozilla.org in app-system-defaults
1505476332517	addons.xpi	DEBUG	Existing add-on shield-recipe-client@mozilla.org in app-system-defaults
1505476332518	addons.xpi	DEBUG	Existing add-on webcompat@mozilla.org in app-system-defaults
1505476332520	addons.xpi	INFO	Mapping {972ce4c6-7e08-4474-a285-3208198ce6fd} to C:\Program Files\Mozilla Firefox\browser\extensions\{972ce4c6-7e08-4474-a285-3208198ce6fd}.xpi
1505476332521	addons.xpi	DEBUG	Existing add-on {972ce4c6-7e08-4474-a285-3208198ce6fd} in app-global
1505476332522	addons.xpi	DEBUG	getInstallState changed: false, state: {}
1505476332864	addons.productaddons	INFO	sending request to: https://aus5.mozilla.org/update/3/GMP/55.0.3/20170824053622/WINNT_x86_64-msvc-x64/en-US/release/Windows_NT%206.1.1.0%20(x64)/default/default/update.xml
1505476334833	addons.productaddons	INFO	Completed downloading document
1505476336215	addons.productaddons	INFO	downloadXHR File download. status=200
1505476336258	addons.productaddons	INFO	Downloaded file will be saved to C:\Users\Vignesh\AppData\Local\Temp\tmpaddon

	at org.openqa.selenium.firefox.internal.NewProfileExtensionConnection.start(NewProfileExtensionConnection.java:112)
	... 33 more
]]>
    </error>
  </testcase> <!-- startBrowser -->
</testsuite> <!-- com.test.mo.automation.login.logintest -->
